#
# There is insufficient memory for the Java Runtime Environment to continue.
# Native memory allocation (malloc) failed to allocate 1031552 bytes for Chunk::new
# Possible reasons:
#   The system is out of physical RAM or swap space
#   The process is running with CompressedOops enabled, and the Java Heap may be blocking the growth of the native heap
# Possible solutions:
#   Reduce memory load on the system
#   Increase physical memory or swap space
#   Check if swap backing store is full
#   Decrease Java heap size (-Xmx/-Xms)
#   Decrease number of Java threads
#   Decrease Java thread stack sizes (-Xss)
#   Set larger code cache with -XX:ReservedCodeCacheSize=
#   JVM is running with Unscaled Compressed Oops mode in which the Java heap is
#     placed in the first 4GB address space. The Java Heap base address is the
#     maximum limit for the native heap growth. Please use -XX:HeapBaseMinAddress
#     to set the Java Heap base and to place the Java Heap above 4GB virtual address.
# This output file may be truncated or incomplete.
#
#  Out of Memory Error (arena.cpp:184), pid=17556, tid=18272
#
# JRE version: OpenJDK Runtime Environment (18.0.2.1+1) (build 18.0.2.1+1-1)
# Java VM: OpenJDK 64-Bit Server VM (18.0.2.1+1-1, mixed mode, sharing, tiered, compressed oops, compressed class ptrs, g1 gc, windows-amd64)
# No core dump will be written. Minidumps are not enabled by default on client versions of Windows
#

---------------  S U M M A R Y ------------

Command Line: -ea -Didea.test.cyclic.buffer.size=1048576 -javaagent:C:\Program Files\JetBrains\IntelliJ IDEA Community Edition 2021.3\lib\idea_rt.jar=54520:C:\Program Files\JetBrains\IntelliJ IDEA Community Edition 2021.3\bin -Dfile.encoding=UTF-8 com.intellij.rt.testng.RemoteTestNGStarter -usedefaultlisteners false -socket54519 @w@C:\Users\Ashwini\AppData\Local\Temp\idea_working_dirs_testng1.tmp -temp C:\Users\Ashwini\AppData\Local\Temp\idea_testng1.tmp

Host: Intel(R) Core(TM) i3-2120 CPU @ 3.30GHz, 4 cores, 3G,  Windows 10 , 64 bit Build 19041 (10.0.19041.1889)
Time: Thu Sep 15 12:27:43 2022 India Standard Time elapsed time: 29.048993 seconds (0d 0h 0m 29s)

---------------  T H R E A D  ---------------

Current thread (0x00000251ed57d9f0):  JavaThread "C2 CompilerThread0" daemon [_thread_in_native, id=18272, stack(0x0000006ff7700000,0x0000006ff7800000)]


Current CompileTask:
C2:  29049 2762       4       sun.reflect.annotation.AnnotationInvocationHandler::memberValueToString (375 bytes)

Stack: [0x0000006ff7700000,0x0000006ff7800000]
Native frames: (J=compiled Java code, j=interpreted, Vv=VM code, C=native code)
V  [jvm.dll+0x6993aa]
V  [jvm.dll+0x7f46dd]
V  [jvm.dll+0x7f5fee]
V  [jvm.dll+0x7f66a3]
V  [jvm.dll+0x25cf1f]
V  [jvm.dll+0xb8c2f]
V  [jvm.dll+0xb8fa5]
V  [jvm.dll+0x3860cb]
V  [jvm.dll+0x34fe71]
V  [jvm.dll+0x34f30a]
V  [jvm.dll+0x230101]
V  [jvm.dll+0x22f4d1]
V  [jvm.dll+0x1ba01c]
V  [jvm.dll+0x23ee0a]
V  [jvm.dll+0x23d0f5]
V  [jvm.dll+0x7a6dd1]
V  [jvm.dll+0x7a120a]
V  [jvm.dll+0x698255]
C  [ucrtbase.dll+0x21bb2]
C  [KERNEL32.DLL+0x17034]
C  [ntdll.dll+0x526a1]


---------------  P R O C E S S  ---------------

Threads class SMR info:
_java_thread_list=0x00000251f98f2fc0, length=24, elements={
0x00000251ed4ca530, 0x00000251ed568a70, 0x00000251ed5696d0, 0x00000251ed57a120,
0x00000251ed57b9e0, 0x00000251ed57c380, 0x00000251ed57cd20, 0x00000251ed57d9f0,
0x00000251ed57e2e0, 0x00000251f98a3770, 0x00000251ed550560, 0x00000251fddc6eb0,
0x00000251fddcc460, 0x00000251feead700, 0x00000251fede22d0, 0x00000251fede2790,
0x00000251fee1b690, 0x00000251fee1bb60, 0x00000251fee1c030, 0x00000251fee1c9d0,
0x00000251fee1cea0, 0x00000251ff155d40, 0x00000251ff156210, 0x00000251ff156bb0
}

Java Threads: ( => current thread )
  0x00000251ed4ca530 JavaThread "main" [_thread_blocked, id=17720, stack(0x0000006ff6a00000,0x0000006ff6b00000)]
  0x00000251ed568a70 JavaThread "Reference Handler" daemon [_thread_blocked, id=5256, stack(0x0000006ff7100000,0x0000006ff7200000)]
  0x00000251ed5696d0 JavaThread "Finalizer" daemon [_thread_blocked, id=17804, stack(0x0000006ff7200000,0x0000006ff7300000)]
  0x00000251ed57a120 JavaThread "Signal Dispatcher" daemon [_thread_blocked, id=7372, stack(0x0000006ff7300000,0x0000006ff7400000)]
  0x00000251ed57b9e0 JavaThread "Attach Listener" daemon [_thread_blocked, id=11696, stack(0x0000006ff7400000,0x0000006ff7500000)]
  0x00000251ed57c380 JavaThread "Service Thread" daemon [_thread_blocked, id=5452, stack(0x0000006ff7500000,0x0000006ff7600000)]
  0x00000251ed57cd20 JavaThread "Monitor Deflation Thread" daemon [_thread_blocked, id=17252, stack(0x0000006ff7600000,0x0000006ff7700000)]
=>0x00000251ed57d9f0 JavaThread "C2 CompilerThread0" daemon [_thread_in_native, id=18272, stack(0x0000006ff7700000,0x0000006ff7800000)]
  0x00000251ed57e2e0 JavaThread "C1 CompilerThread0" daemon [_thread_blocked, id=17940, stack(0x0000006ff7800000,0x0000006ff7900000)]
  0x00000251f98a3770 JavaThread "Sweeper thread" daemon [_thread_blocked, id=17196, stack(0x0000006ff7900000,0x0000006ff7a00000)]
  0x00000251ed550560 JavaThread "Common-Cleaner" daemon [_thread_blocked, id=18144, stack(0x0000006ff7a00000,0x0000006ff7b00000)]
  0x00000251fddc6eb0 JavaThread "Monitor Ctrl-Break" daemon [_thread_in_native, id=2412, stack(0x0000006ff7b00000,0x0000006ff7c00000)]
  0x00000251fddcc460 JavaThread "Notification Thread" daemon [_thread_blocked, id=17696, stack(0x0000006ff7c00000,0x0000006ff7d00000)]
  0x00000251feead700 JavaThread "ForkJoinPool.commonPool-worker-1" daemon [_thread_blocked, id=17516, stack(0x0000006ff8100000,0x0000006ff8200000)]
  0x00000251fede22d0 JavaThread "ForkJoinPool.commonPool-worker-2" daemon [_thread_blocked, id=9608, stack(0x0000006ff8200000,0x0000006ff8300000)]
  0x00000251fede2790 JavaThread "ForkJoinPool.commonPool-worker-3" daemon [_thread_blocked, id=14524, stack(0x0000006ff8300000,0x0000006ff8400000)]
  0x00000251fee1b690 JavaThread "AsyncHttpClient-1-1" daemon [_thread_blocked, id=10364, stack(0x0000006ff8400000,0x0000006ff8500000)]
  0x00000251fee1bb60 JavaThread "Exec Default Executor" daemon [_thread_in_native, id=17780, stack(0x0000006ff8500000,0x0000006ff8600000)]
  0x00000251fee1c030 JavaThread "Driver Service Executor" daemon [_thread_blocked, id=8648, stack(0x0000006ff8600000,0x0000006ff8700000)]
  0x00000251fee1c9d0 JavaThread "Driver Service Executor" daemon [_thread_blocked, id=17364, stack(0x0000006ff8700000,0x0000006ff8800000)]
  0x00000251fee1cea0 JavaThread "Exec Stream Pumper" daemon [_thread_in_native, id=15848, stack(0x0000006ff8900000,0x0000006ff8a00000)]
  0x00000251ff155d40 JavaThread "Exec Stream Pumper" daemon [_thread_in_native, id=15656, stack(0x0000006ff8a00000,0x0000006ff8b00000)]
  0x00000251ff156210 JavaThread "AsyncHttpClient-1-2" daemon [_thread_in_native, id=7668, stack(0x0000006ff8b00000,0x0000006ff8c00000)]
  0x00000251ff156bb0 JavaThread "AsyncHttpClient-1-3" daemon [_thread_in_native, id=16488, stack(0x0000006ff8c00000,0x0000006ff8d00000)]

Other Threads:
  0x00000251ed565a70 VMThread "VM Thread" [stack: 0x0000006ff7000000,0x0000006ff7100000] [id=13240]
  0x00000251fddc7370 WatcherThread "VM Periodic Task Thread" [stack: 0x0000006ff7d00000,0x0000006ff7e00000] [id=18032]
  0x00000251ed50b0e0 WorkerThread "GC Thread#0" [stack: 0x0000006ff6b00000,0x0000006ff6c00000] [id=15464]
  0x00000251fe14c820 WorkerThread "GC Thread#1" [stack: 0x0000006ff7e00000,0x0000006ff7f00000] [id=16664]
  0x00000251fe582cd0 WorkerThread "GC Thread#2" [stack: 0x0000006ff7f00000,0x0000006ff8000000] [id=16532]
  0x00000251feb93f80 WorkerThread "GC Thread#3" [stack: 0x0000006ff8000000,0x0000006ff8100000] [id=18412]
  0x00000251ed513f50 ConcurrentGCThread "G1 Main Marker" [stack: 0x0000006ff6c00000,0x0000006ff6d00000] [id=17892]
  0x00000251ed514940 WorkerThread "G1 Conc#0" [stack: 0x0000006ff6d00000,0x0000006ff6e00000] [id=18116]
  0x00000251ed53d1a0 ConcurrentGCThread "G1 Refine#0" [stack: 0x0000006ff6e00000,0x0000006ff6f00000] [id=10752]
  0x00000251ed53dab0 ConcurrentGCThread "G1 Service" [stack: 0x0000006ff6f00000,0x0000006ff7000000] [id=8504]

Threads with active compile tasks:
C2 CompilerThread0    29134 2762       4       sun.reflect.annotation.AnnotationInvocationHandler::memberValueToString (375 bytes)

VM state: not at safepoint (normal execution)

VM Mutex/Monitor currently owned by a thread: None

Heap address: 0x00000000c0600000, size: 1018 MB, Compressed Oops mode: 32-bit

CDS archive(s) mapped at: [0x0000000800000000-0x0000000800ba0000-0x0000000800ba0000), size 12189696, SharedBaseAddress: 0x0000000800000000, ArchiveRelocationMode: 0.
Compressed class space mapped at: 0x0000000800c00000-0x0000000840c00000, reserved size: 1073741824
Narrow klass base: 0x0000000800000000, Narrow klass shift: 0, Narrow klass range: 0x100000000

GC Precious Log:
 CardTable entry size: 512
 Card Set container configuration: InlinePtr #cards 5 size 8 Array Of Cards #cards 12 size 40 Howl #buckets 4 coarsen threshold 1843 Howl Bitmap #cards 512 size 80 coarsen threshold 460 Card regions per heap region 1 cards per card region 2048
 CPUs: 4 total, 4 available
 Memory: 4066M
 Large Page Support: Disabled
 NUMA Support: Disabled
 Compressed Oops: Enabled (32-bit)
 Heap Region Size: 1M
 Heap Min Capacity: 8M
 Heap Initial Capacity: 64M
 Heap Max Capacity: 1018M
 Pre-touch: Disabled
 Parallel Workers: 4
 Concurrent Workers: 1
 Concurrent Refinement Workers: 4
 Periodic GC: Disabled

Heap:
 garbage-first heap   total 65536K, used 44501K [0x00000000c0600000, 0x0000000100000000)
  region size 1024K, 24 young (24576K), 4 survivors (4096K)
 Metaspace       used 25777K, committed 26176K, reserved 1114112K
  class space    used 3131K, committed 3328K, reserved 1048576K

Heap Regions: E=young(eden), S=young(survivor), O=old, HS=humongous(starts), HC=humongous(continues), CS=collection set, F=free, OA=open archive, CA=closed archive, TAMS=top-at-mark-start (previous, next)
|   0|0x00000000c0600000, 0x00000000c0700000, 0x00000000c0700000|100%|HS|  |TAMS 0x00000000c0700000, 0x00000000c0600000| Complete 
|   1|0x00000000c0700000, 0x00000000c0800000, 0x00000000c0800000|100%|HS|  |TAMS 0x00000000c0800000, 0x00000000c0700000| Complete 
|   2|0x00000000c0800000, 0x00000000c0900000, 0x00000000c0900000|100%|HC|  |TAMS 0x00000000c0900000, 0x00000000c0800000| Complete 
|   3|0x00000000c0900000, 0x00000000c0a00000, 0x00000000c0a00000|100%|HC|  |TAMS 0x00000000c0a00000, 0x00000000c0900000| Complete 
|   4|0x00000000c0a00000, 0x00000000c0b00000, 0x00000000c0b00000|100%| O|  |TAMS 0x00000000c0b00000, 0x00000000c0a00000| Untracked 
|   5|0x00000000c0b00000, 0x00000000c0c00000, 0x00000000c0c00000|100%| O|  |TAMS 0x00000000c0c00000, 0x00000000c0b00000| Untracked 
|   6|0x00000000c0c00000, 0x00000000c0d00000, 0x00000000c0d00000|100%| O|  |TAMS 0x00000000c0d00000, 0x00000000c0c00000| Untracked 
|   7|0x00000000c0d00000, 0x00000000c0e00000, 0x00000000c0e00000|100%| O|  |TAMS 0x00000000c0e00000, 0x00000000c0d00000| Complete 
|   8|0x00000000c0e00000, 0x00000000c0f00000, 0x00000000c0f00000|100%| O|  |TAMS 0x00000000c0f00000, 0x00000000c0e00000| Untracked 
|   9|0x00000000c0f00000, 0x00000000c1000000, 0x00000000c1000000|100%| O|  |TAMS 0x00000000c1000000, 0x00000000c0f00000| Untracked 
|  10|0x00000000c1000000, 0x00000000c1100000, 0x00000000c1100000|100%| O|  |TAMS 0x00000000c1100000, 0x00000000c1000000| Untracked 
|  11|0x00000000c1100000, 0x00000000c1200000, 0x00000000c1200000|100%| O|  |TAMS 0x00000000c1200000, 0x00000000c1100000| Untracked 
|  12|0x00000000c1200000, 0x00000000c1300000, 0x00000000c1300000|100%| O|  |TAMS 0x00000000c1300000, 0x00000000c1200000| Untracked 
|  13|0x00000000c1300000, 0x00000000c1400000, 0x00000000c1400000|100%| O|  |TAMS 0x00000000c1400000, 0x00000000c1300000| Untracked 
|  14|0x00000000c1400000, 0x00000000c1500000, 0x00000000c1500000|100%| O|  |TAMS 0x00000000c14a8e00, 0x00000000c1400000| Untracked 
|  15|0x00000000c1500000, 0x00000000c1587000, 0x00000000c1600000| 52%| O|  |TAMS 0x00000000c1500000, 0x00000000c1500000| Untracked 
|  16|0x00000000c1600000, 0x00000000c1700000, 0x00000000c1700000|100%|HS|  |TAMS 0x00000000c1600000, 0x00000000c1600000| Complete 
|  17|0x00000000c1700000, 0x00000000c1800000, 0x00000000c1800000|100%|HC|  |TAMS 0x00000000c1700000, 0x00000000c1700000| Complete 
|  18|0x00000000c1800000, 0x00000000c1900000, 0x00000000c1900000|100%|HC|  |TAMS 0x00000000c1800000, 0x00000000c1800000| Complete 
|  19|0x00000000c1900000, 0x00000000c1a00000, 0x00000000c1a00000|100%|HC|  |TAMS 0x00000000c1900000, 0x00000000c1900000| Complete 
|  20|0x00000000c1a00000, 0x00000000c1b00000, 0x00000000c1b00000|100%|HC|  |TAMS 0x00000000c1a00000, 0x00000000c1a00000| Complete 
|  21|0x00000000c1b00000, 0x00000000c1b00000, 0x00000000c1c00000|  0%| F|  |TAMS 0x00000000c1b00000, 0x00000000c1b00000| Untracked 
|  22|0x00000000c1c00000, 0x00000000c1c00000, 0x00000000c1d00000|  0%| F|  |TAMS 0x00000000c1c00000, 0x00000000c1c00000| Untracked 
|  23|0x00000000c1d00000, 0x00000000c1d00000, 0x00000000c1e00000|  0%| F|  |TAMS 0x00000000c1d00000, 0x00000000c1d00000| Untracked 
|  24|0x00000000c1e00000, 0x00000000c1e00000, 0x00000000c1f00000|  0%| F|  |TAMS 0x00000000c1e00000, 0x00000000c1e00000| Untracked 
|  25|0x00000000c1f00000, 0x00000000c1f00000, 0x00000000c2000000|  0%| F|  |TAMS 0x00000000c1f00000, 0x00000000c1f00000| Untracked 
|  26|0x00000000c2000000, 0x00000000c2000000, 0x00000000c2100000|  0%| F|  |TAMS 0x00000000c2000000, 0x00000000c2000000| Untracked 
|  27|0x00000000c2100000, 0x00000000c2100000, 0x00000000c2200000|  0%| F|  |TAMS 0x00000000c2100000, 0x00000000c2100000| Untracked 
|  28|0x00000000c2200000, 0x00000000c2200000, 0x00000000c2300000|  0%| F|  |TAMS 0x00000000c2200000, 0x00000000c2200000| Untracked 
|  29|0x00000000c2300000, 0x00000000c2300000, 0x00000000c2400000|  0%| F|  |TAMS 0x00000000c2300000, 0x00000000c2300000| Untracked 
|  30|0x00000000c2400000, 0x00000000c2400000, 0x00000000c2500000|  0%| F|  |TAMS 0x00000000c2400000, 0x00000000c2400000| Untracked 
|  31|0x00000000c2500000, 0x00000000c2500000, 0x00000000c2600000|  0%| F|  |TAMS 0x00000000c2500000, 0x00000000c2500000| Untracked 
|  32|0x00000000c2600000, 0x00000000c2600000, 0x00000000c2700000|  0%| F|  |TAMS 0x00000000c2600000, 0x00000000c2600000| Untracked 
|  33|0x00000000c2700000, 0x00000000c2700000, 0x00000000c2800000|  0%| F|  |TAMS 0x00000000c2700000, 0x00000000c2700000| Untracked 
|  34|0x00000000c2800000, 0x00000000c2800000, 0x00000000c2900000|  0%| F|  |TAMS 0x00000000c2800000, 0x00000000c2800000| Untracked 
|  35|0x00000000c2900000, 0x00000000c29ee458, 0x00000000c2a00000| 93%| S|CS|TAMS 0x00000000c2900000, 0x00000000c2900000| Complete 
|  36|0x00000000c2a00000, 0x00000000c2b00000, 0x00000000c2b00000|100%| S|CS|TAMS 0x00000000c2a00000, 0x00000000c2a00000| Complete 
|  37|0x00000000c2b00000, 0x00000000c2b00000, 0x00000000c2c00000|  0%| F|  |TAMS 0x00000000c2b00000, 0x00000000c2b00000| Untracked 
|  38|0x00000000c2c00000, 0x00000000c2c00000, 0x00000000c2d00000|  0%| F|  |TAMS 0x00000000c2c00000, 0x00000000c2c00000| Untracked 
|  39|0x00000000c2d00000, 0x00000000c2d00000, 0x00000000c2e00000|  0%| F|  |TAMS 0x00000000c2d00000, 0x00000000c2d00000| Untracked 
|  40|0x00000000c2e00000, 0x00000000c2f00000, 0x00000000c2f00000|100%| S|CS|TAMS 0x00000000c2e00000, 0x00000000c2e00000| Complete 
|  41|0x00000000c2f00000, 0x00000000c3000000, 0x00000000c3000000|100%| S|CS|TAMS 0x00000000c2f00000, 0x00000000c2f00000| Complete 
|  42|0x00000000c3000000, 0x00000000c3000000, 0x00000000c3100000|  0%| F|  |TAMS 0x00000000c3000000, 0x00000000c3000000| Untracked 
|  43|0x00000000c3100000, 0x00000000c3100000, 0x00000000c3200000|  0%| F|  |TAMS 0x00000000c3100000, 0x00000000c3100000| Untracked 
|  44|0x00000000c3200000, 0x00000000c32832b8, 0x00000000c3300000| 51%| E|  |TAMS 0x00000000c3200000, 0x00000000c3200000| Complete 
|  45|0x00000000c3300000, 0x00000000c3400000, 0x00000000c3400000|100%| E|CS|TAMS 0x00000000c3300000, 0x00000000c3300000| Complete 
|  46|0x00000000c3400000, 0x00000000c3500000, 0x00000000c3500000|100%| E|CS|TAMS 0x00000000c3400000, 0x00000000c3400000| Complete 
|  47|0x00000000c3500000, 0x00000000c3600000, 0x00000000c3600000|100%| E|CS|TAMS 0x00000000c3500000, 0x00000000c3500000| Complete 
|  48|0x00000000c3600000, 0x00000000c3700000, 0x00000000c3700000|100%| E|CS|TAMS 0x00000000c3600000, 0x00000000c3600000| Complete 
|  49|0x00000000c3700000, 0x00000000c3800000, 0x00000000c3800000|100%| E|CS|TAMS 0x00000000c3700000, 0x00000000c3700000| Complete 
|  50|0x00000000c3800000, 0x00000000c3900000, 0x00000000c3900000|100%| E|CS|TAMS 0x00000000c3800000, 0x00000000c3800000| Complete 
|  51|0x00000000c3900000, 0x00000000c3a00000, 0x00000000c3a00000|100%| E|CS|TAMS 0x00000000c3900000, 0x00000000c3900000| Complete 
|  52|0x00000000c3a00000, 0x00000000c3b00000, 0x00000000c3b00000|100%| E|CS|TAMS 0x00000000c3a00000, 0x00000000c3a00000| Complete 
|  53|0x00000000c3b00000, 0x00000000c3c00000, 0x00000000c3c00000|100%| E|CS|TAMS 0x00000000c3b00000, 0x00000000c3b00000| Complete 
|  54|0x00000000c3c00000, 0x00000000c3d00000, 0x00000000c3d00000|100%| E|CS|TAMS 0x00000000c3c00000, 0x00000000c3c00000| Complete 
|  55|0x00000000c3d00000, 0x00000000c3e00000, 0x00000000c3e00000|100%| E|CS|TAMS 0x00000000c3d00000, 0x00000000c3d00000| Complete 
|  56|0x00000000c3e00000, 0x00000000c3f00000, 0x00000000c3f00000|100%| E|CS|TAMS 0x00000000c3e00000, 0x00000000c3e00000| Complete 
|  57|0x00000000c3f00000, 0x00000000c4000000, 0x00000000c4000000|100%| E|CS|TAMS 0x00000000c3f00000, 0x00000000c3f00000| Complete 
|  58|0x00000000c4000000, 0x00000000c4100000, 0x00000000c4100000|100%| E|CS|TAMS 0x00000000c4000000, 0x00000000c4000000| Complete 
|  59|0x00000000c4100000, 0x00000000c4200000, 0x00000000c4200000|100%| E|CS|TAMS 0x00000000c4100000, 0x00000000c4100000| Complete 
|  60|0x00000000c4200000, 0x00000000c4300000, 0x00000000c4300000|100%| E|CS|TAMS 0x00000000c4200000, 0x00000000c4200000| Complete 
|  61|0x00000000c4300000, 0x00000000c4400000, 0x00000000c4400000|100%| E|CS|TAMS 0x00000000c4300000, 0x00000000c4300000| Complete 
|  62|0x00000000c4400000, 0x00000000c4500000, 0x00000000c4500000|100%| E|CS|TAMS 0x00000000c4400000, 0x00000000c4400000| Complete 
|  63|0x00000000c4500000, 0x00000000c4600000, 0x00000000c4600000|100%| E|CS|TAMS 0x00000000c4500000, 0x00000000c4500000| Complete 

Card table byte_map: [0x00000251f4ff0000,0x00000251f51f0000] _byte_map_base: 0x00000251f49ed000

Marking Bits (Prev, Next): (CMBitMap*) 0x00000251ed50b720, (CMBitMap*) 0x00000251ed50b6e0
 Prev Bits: [0x00000251f63e0000, 0x00000251f73c8000)
 Next Bits: [0x00000251f53f0000, 0x00000251f63d8000)

Polling page: 0x00000251ecc80000

Metaspace:

Usage:
  Non-class:     22.12 MB used.
      Class:      3.06 MB used.
       Both:     25.17 MB used.

Virtual space:
  Non-class space:       64.00 MB reserved,      22.31 MB ( 35%) committed,  1 nodes.
      Class space:        1.00 GB reserved,       3.25 MB ( <1%) committed,  1 nodes.
             Both:        1.06 GB reserved,      25.56 MB (  2%) committed. 

Chunk freelists:
   Non-Class:  1.11 MB
       Class:  752.00 KB
        Both:  1.84 MB

MaxMetaspaceSize: unlimited
CompressedClassSpaceSize: 1.00 GB
Initial GC threshold: 21.00 MB
Current GC threshold: 35.31 MB
CDS: on
MetaspaceReclaimPolicy: balanced
 - commit_granule_bytes: 65536.
 - commit_granule_words: 8192.
 - virtual_space_node_default_size: 8388608.
 - enlarge_chunks_in_place: 1.
 - new_chunks_are_fully_committed: 0.
 - uncommit_free_chunks: 1.
 - use_allocation_guard: 0.


Internal statistics:

num_allocs_failed_limit: 3.
num_arena_births: 334.
num_arena_deaths: 0.
num_vsnodes_births: 2.
num_vsnodes_deaths: 0.
num_space_committed: 409.
num_space_uncommitted: 0.
num_chunks_returned_to_freelist: 3.
num_chunks_taken_from_freelist: 1031.
num_chunk_merges: 3.
num_chunk_splits: 724.
num_chunks_enlarged: 579.
num_inconsistent_stats: 0.

CodeHeap 'non-profiled nmethods': size=120000Kb used=1039Kb max_used=1039Kb free=118960Kb
 bounds [0x0000025187ad0000, 0x0000025187d40000, 0x000002518f000000]
CodeHeap 'profiled nmethods': size=120000Kb used=5544Kb max_used=5544Kb free=114455Kb
 bounds [0x00000251805a0000, 0x0000025180b10000, 0x0000025187ad0000]
CodeHeap 'non-nmethods': size=5760Kb used=1299Kb max_used=1315Kb free=4460Kb
 bounds [0x0000025180000000, 0x0000025180270000, 0x00000251805a0000]
 total_blobs=3421 nmethods=2816 adapters=517
 compilation: enabled
              stopped_count=0, restarted_count=0
 full_count=0

Compilation events (20 events):
Event: 28.974 Thread 0x00000251ed57e2e0 2791       3       sun.security.provider.MD5::HH (29 bytes)
Event: 28.974 Thread 0x00000251ed57e2e0 nmethod 2791 0x0000025180afb410 code [0x0000025180afb5a0, 0x0000025180afb6b8]
Event: 28.974 Thread 0x00000251ed57e2e0 2792       1       java.util.concurrent.locks.ReentrantReadWriteLock::writeLock (5 bytes)
Event: 28.974 Thread 0x00000251ed57e2e0 nmethod 2792 0x0000025187bd3210 code [0x0000025187bd33a0, 0x0000025187bd3478]
Event: 28.975 Thread 0x00000251ed57e2e0 2794       3       io.qameta.allure.internal.shadowed.jackson.databind.ser.std.StringSerializer::serialize (9 bytes)
Event: 28.976 Thread 0x00000251ed57e2e0 nmethod 2794 0x0000025180afb790 code [0x0000025180afb940, 0x0000025180afbb88]
Event: 28.976 Thread 0x00000251ed57e2e0 2795       3       io.qameta.allure.internal.shadowed.jackson.core.json.UTF8JsonGenerator::writeFieldName (202 bytes)
Event: 28.977 Thread 0x00000251ed57e2e0 nmethod 2795 0x0000025180afbc90 code [0x0000025180afbf20, 0x0000025180afc918]
Event: 28.980 Thread 0x00000251ed57e2e0 2796       3       java.lang.StringCoding::implEncodeAsciiArray (47 bytes)
Event: 28.980 Thread 0x00000251ed57e2e0 nmethod 2796 0x0000025180afcd90 code [0x0000025180afcf40, 0x0000025180afd198]
Event: 28.989 Thread 0x00000251ed57e2e0 2797       3       java.util.concurrent.ConcurrentHashMap$BaseIterator::<init> (21 bytes)
Event: 28.989 Thread 0x00000251ed57e2e0 nmethod 2797 0x0000025180afd310 code [0x0000025180afd4c0, 0x0000025180afd698]
Event: 28.990 Thread 0x00000251ed57e2e0 2798       3       org.testng.internal.IParameterInfo::embeddedInstance (19 bytes)
Event: 28.990 Thread 0x00000251ed57e2e0 nmethod 2798 0x0000025180afd790 code [0x0000025180afd960, 0x0000025180afdda8]
Event: 28.996 Thread 0x00000251ed57e2e0 2800       3       java.util.ArrayList::forEach (74 bytes)
Event: 28.996 Thread 0x00000251ed57e2e0 nmethod 2800 0x0000025180afde90 code [0x0000025180afe080, 0x0000025180afe628]
Event: 28.998 Thread 0x00000251ed57e2e0 2801       3       java.io.BufferedWriter::ensureOpen (18 bytes)
Event: 28.998 Thread 0x00000251ed57e2e0 nmethod 2801 0x0000025180afe890 code [0x0000025180afea40, 0x0000025180afec48]
Event: 28.998 Thread 0x00000251ed57e2e0 2802       3       java.util.concurrent.locks.ReentrantReadWriteLock$Sync::exclusiveCount (5 bytes)
Event: 28.999 Thread 0x00000251ed57e2e0 nmethod 2802 0x0000025180afed10 code [0x0000025180afeea0, 0x0000025180afef98]

GC Heap History (10 events):
Event: 0.962 GC heap before
{Heap before GC invocations=0 (full 0):
 garbage-first heap   total 65536K, used 16384K [0x00000000c0600000, 0x0000000100000000)
  region size 1024K, 13 young (13312K), 0 survivors (0K)
 Metaspace       used 1141K, committed 1216K, reserved 1114112K
  class space    used 82K, committed 128K, reserved 1048576K
}
Event: 0.972 GC heap after
{Heap after GC invocations=1 (full 0):
 garbage-first heap   total 65536K, used 12809K [0x00000000c0600000, 0x0000000100000000)
  region size 1024K, 2 young (2048K), 2 survivors (2048K)
 Metaspace       used 1141K, committed 1216K, reserved 1114112K
  class space    used 82K, committed 128K, reserved 1048576K
}
Event: 1.962 GC heap before
{Heap before GC invocations=1 (full 0):
 garbage-first heap   total 65536K, used 21001K [0x00000000c0600000, 0x0000000100000000)
  region size 1024K, 10 young (10240K), 2 survivors (2048K)
 Metaspace       used 4848K, committed 5056K, reserved 1114112K
  class space    used 485K, committed 576K, reserved 1048576K
}
Event: 1.969 GC heap after
{Heap after GC invocations=2 (full 0):
 garbage-first heap   total 65536K, used 15010K [0x00000000c0600000, 0x0000000100000000)
  region size 1024K, 2 young (2048K), 2 survivors (2048K)
 Metaspace       used 4848K, committed 5056K, reserved 1114112K
  class space    used 485K, committed 576K, reserved 1048576K
}
Event: 2.338 GC heap before
{Heap before GC invocations=2 (full 0):
 garbage-first heap   total 65536K, used 28322K [0x00000000c0600000, 0x0000000100000000)
  region size 1024K, 16 young (16384K), 2 survivors (2048K)
 Metaspace       used 7707K, committed 7872K, reserved 1114112K
  class space    used 760K, committed 832K, reserved 1048576K
}
Event: 2.344 GC heap after
{Heap after GC invocations=3 (full 0):
 garbage-first heap   total 65536K, used 15961K [0x00000000c0600000, 0x0000000100000000)
  region size 1024K, 1 young (1024K), 1 survivors (1024K)
 Metaspace       used 7707K, committed 7872K, reserved 1114112K
  class space    used 760K, committed 832K, reserved 1048576K
}
Event: 3.292 GC heap before
{Heap before GC invocations=3 (full 0):
 garbage-first heap   total 65536K, used 39513K [0x00000000c0600000, 0x0000000100000000)
  region size 1024K, 24 young (24576K), 1 survivors (1024K)
 Metaspace       used 13678K, committed 14016K, reserved 1114112K
  class space    used 1578K, committed 1728K, reserved 1048576K
}
Event: 3.297 GC heap after
{Heap after GC invocations=4 (full 0):
 garbage-first heap   total 65536K, used 17435K [0x00000000c0600000, 0x0000000100000000)
  region size 1024K, 3 young (3072K), 3 survivors (3072K)
 Metaspace       used 13678K, committed 14016K, reserved 1114112K
  class space    used 1578K, committed 1728K, reserved 1048576K
}
Event: 4.124 GC heap before
{Heap before GC invocations=4 (full 0):
 garbage-first heap   total 65536K, used 38939K [0x00000000c0600000, 0x0000000100000000)
  region size 1024K, 25 young (25600K), 3 survivors (3072K)
 Metaspace       used 21183K, committed 21504K, reserved 1114112K
  class space    used 2488K, committed 2688K, reserved 1048576K
}
Event: 4.131 GC heap after
{Heap after GC invocations=5 (full 0):
 garbage-first heap   total 65536K, used 19925K [0x00000000c0600000, 0x0000000100000000)
  region size 1024K, 4 young (4096K), 4 survivors (4096K)
 Metaspace       used 21183K, committed 21504K, reserved 1114112K
  class space    used 2488K, committed 2688K, reserved 1048576K
}

Deoptimization events (20 events):
Event: 28.722 Thread 0x00000251ed4ca530 DEOPT PACKING pc=0x0000025187b33c14 sp=0x0000006ff6afd6b0
Event: 28.722 Thread 0x00000251ed4ca530 DEOPT UNPACKING pc=0x00000251800523a3 sp=0x0000006ff6afd628 mode 2
Event: 28.732 Thread 0x00000251ed4ca530 DEOPT PACKING pc=0x0000025180a948fd sp=0x0000006ff6afc970
Event: 28.732 Thread 0x00000251ed4ca530 DEOPT UNPACKING pc=0x0000025180052b43 sp=0x0000006ff6afbdf8 mode 0
Event: 28.810 Thread 0x00000251ed4ca530 Uncommon trap: trap_request=0xffffff45 fr.pc=0x0000025187b27374 relative=0x0000000000000074
Event: 28.810 Thread 0x00000251ed4ca530 Uncommon trap: reason=unstable_if action=reinterpret pc=0x0000025187b27374 method=jdk.internal.misc.Unsafe.convEndian(ZI)I @ 4 c2
Event: 28.810 Thread 0x00000251ed4ca530 DEOPT PACKING pc=0x0000025187b27374 sp=0x0000006ff6afdca0
Event: 28.810 Thread 0x00000251ed4ca530 DEOPT UNPACKING pc=0x00000251800523a3 sp=0x0000006ff6afdba8 mode 2
Event: 28.810 Thread 0x00000251ed4ca530 Uncommon trap: trap_request=0xffffff45 fr.pc=0x0000025187b2ad38 relative=0x0000000000000038
Event: 28.810 Thread 0x00000251ed4ca530 Uncommon trap: reason=unstable_if action=reinterpret pc=0x0000025187b2ad38 method=jdk.internal.misc.Unsafe.convEndian(ZI)I @ 4 c2
Event: 28.810 Thread 0x00000251ed4ca530 DEOPT PACKING pc=0x0000025187b2ad38 sp=0x0000006ff6afdc00
Event: 28.810 Thread 0x00000251ed4ca530 DEOPT UNPACKING pc=0x00000251800523a3 sp=0x0000006ff6afdb98 mode 2
Event: 28.847 Thread 0x00000251ed4ca530 Uncommon trap: trap_request=0xffffff45 fr.pc=0x0000025187bd0f08 relative=0x0000000000000108
Event: 28.847 Thread 0x00000251ed4ca530 Uncommon trap: reason=unstable_if action=reinterpret pc=0x0000025187bd0f08 method=com.intellij.rt.execution.junit.MapSerializerUtil$1.escape(C)C @ 1 c2
Event: 28.847 Thread 0x00000251ed4ca530 DEOPT PACKING pc=0x0000025187bd0f08 sp=0x0000006ff6afe120
Event: 28.847 Thread 0x00000251ed4ca530 DEOPT UNPACKING pc=0x00000251800523a3 sp=0x0000006ff6afe0b0 mode 2
Event: 28.849 Thread 0x00000251ed4ca530 Uncommon trap: trap_request=0xffffff45 fr.pc=0x0000025187ba689c relative=0x000000000000025c
Event: 28.849 Thread 0x00000251ed4ca530 Uncommon trap: reason=unstable_if action=reinterpret pc=0x0000025187ba689c method=java.util.HashMap.hash(Ljava/lang/Object;)I @ 1 c2
Event: 28.849 Thread 0x00000251ed4ca530 DEOPT PACKING pc=0x0000025187ba689c sp=0x0000006ff6afe030
Event: 28.849 Thread 0x00000251ed4ca530 DEOPT UNPACKING pc=0x00000251800523a3 sp=0x0000006ff6afdf28 mode 2

Classes loaded (20 events):
Event: 28.716 Loading class sun/reflect/generics/repository/MethodRepository
Event: 28.716 Loading class sun/reflect/generics/repository/ConstructorRepository
Event: 28.717 Loading class sun/reflect/generics/repository/ConstructorRepository done
Event: 28.717 Loading class sun/reflect/generics/repository/MethodRepository done
Event: 28.717 Loading class sun/reflect/generics/tree/MethodTypeSignature
Event: 28.718 Loading class sun/reflect/generics/tree/MethodTypeSignature done
Event: 28.784 Loading class java/lang/annotation/ElementType
Event: 28.785 Loading class java/lang/annotation/ElementType done
Event: 28.790 Loading class sun/reflect/annotation/AnnotationSupport
Event: 28.792 Loading class sun/reflect/annotation/AnnotationSupport done
Event: 28.792 Loading class java/lang/annotation/Repeatable
Event: 28.793 Loading class java/lang/annotation/Repeatable done
Event: 28.806 Loading class sun/security/provider/MD5
Event: 28.807 Loading class sun/security/provider/MD5 done
Event: 28.809 Loading class sun/security/provider/ByteArrayAccess$LE
Event: 28.809 Loading class sun/security/provider/ByteArrayAccess$LE done
Event: 28.810 Loading class java/lang/StrictMath
Event: 28.810 Loading class java/lang/StrictMath done
Event: 28.861 Loading class java/util/concurrent/ConcurrentLinkedQueue$Itr
Event: 28.862 Loading class java/util/concurrent/ConcurrentLinkedQueue$Itr done

Classes unloaded (0 events):
No events

Classes redefined (0 events):
No events

Internal exceptions (20 events):
Event: 28.843 Thread 0x00000251ed4ca530 Exception <a 'java/lang/NoClassDefFoundError'{0x00000000c35f4288}: junit/framework/ComparisonFailure> (0x00000000c35f4288) 
thrown [s\open\src\hotspot\share\classfile\systemDictionary.cpp, line 244]
Event: 28.849 Thread 0x00000251ed4ca530 Implicit null exception at 0x0000025187ba668c to 0x0000025187ba687c
Event: 28.857 Thread 0x00000251ed4ca530 Exception <a 'sun/nio/fs/WindowsException'{0x00000000c3451e80}> (0x00000000c3451e80) 
thrown [s\open\src\hotspot\share\prims\jni.cpp, line 516]
Event: 28.872 Thread 0x00000251ed4ca530 Exception <a 'sun/nio/fs/WindowsException'{0x00000000c346f7e0}> (0x00000000c346f7e0) 
thrown [s\open\src\hotspot\share\prims\jni.cpp, line 516]
Event: 28.877 Thread 0x00000251ed4ca530 Exception <a 'sun/nio/fs/WindowsException'{0x00000000c348be30}> (0x00000000c348be30) 
thrown [s\open\src\hotspot\share\prims\jni.cpp, line 516]
Event: 28.885 Thread 0x00000251ed4ca530 Exception <a 'sun/nio/fs/WindowsException'{0x00000000c34a02b0}> (0x00000000c34a02b0) 
thrown [s\open\src\hotspot\share\prims\jni.cpp, line 516]
Event: 28.891 Thread 0x00000251ed4ca530 Exception <a 'sun/nio/fs/WindowsException'{0x00000000c34bc640}> (0x00000000c34bc640) 
thrown [s\open\src\hotspot\share\prims\jni.cpp, line 516]
Event: 28.898 Thread 0x00000251ed4ca530 Exception <a 'sun/nio/fs/WindowsException'{0x00000000c34d0a40}> (0x00000000c34d0a40) 
thrown [s\open\src\hotspot\share\prims\jni.cpp, line 516]
Event: 28.905 Thread 0x00000251ed4ca530 Exception <a 'sun/nio/fs/WindowsException'{0x00000000c34ed370}> (0x00000000c34ed370) 
thrown [s\open\src\hotspot\share\prims\jni.cpp, line 516]
Event: 28.911 Thread 0x00000251ed4ca530 Exception <a 'sun/nio/fs/WindowsException'{0x00000000c3301b98}> (0x00000000c3301b98) 
thrown [s\open\src\hotspot\share\prims\jni.cpp, line 516]
Event: 28.916 Thread 0x00000251ed4ca530 Exception <a 'sun/nio/fs/WindowsException'{0x00000000c331deb0}> (0x00000000c331deb0) 
thrown [s\open\src\hotspot\share\prims\jni.cpp, line 516]
Event: 28.921 Thread 0x00000251ed4ca530 Exception <a 'sun/nio/fs/WindowsException'{0x00000000c33323a0}> (0x00000000c33323a0) 
thrown [s\open\src\hotspot\share\prims\jni.cpp, line 516]
Event: 28.926 Thread 0x00000251ed4ca530 Exception <a 'sun/nio/fs/WindowsException'{0x00000000c334e6c0}> (0x00000000c334e6c0) 
thrown [s\open\src\hotspot\share\prims\jni.cpp, line 516]
Event: 28.935 Thread 0x00000251ed4ca530 Exception <a 'sun/nio/fs/WindowsException'{0x00000000c3362a28}> (0x00000000c3362a28) 
thrown [s\open\src\hotspot\share\prims\jni.cpp, line 516]
Event: 28.957 Thread 0x00000251ed4ca530 Exception <a 'sun/nio/fs/WindowsException'{0x00000000c337efc0}> (0x00000000c337efc0) 
thrown [s\open\src\hotspot\share\prims\jni.cpp, line 516]
Event: 28.967 Thread 0x00000251ed4ca530 Exception <a 'sun/nio/fs/WindowsException'{0x00000000c33931f8}> (0x00000000c33931f8) 
thrown [s\open\src\hotspot\share\prims\jni.cpp, line 516]
Event: 28.975 Thread 0x00000251ed4ca530 Exception <a 'sun/nio/fs/WindowsException'{0x00000000c33af538}> (0x00000000c33af538) 
thrown [s\open\src\hotspot\share\prims\jni.cpp, line 516]
Event: 28.980 Thread 0x00000251ed4ca530 Exception <a 'sun/nio/fs/WindowsException'{0x00000000c33c3768}> (0x00000000c33c3768) 
thrown [s\open\src\hotspot\share\prims\jni.cpp, line 516]
Event: 28.991 Thread 0x00000251ed4ca530 Exception <a 'sun/nio/fs/WindowsException'{0x00000000c33dfea0}> (0x00000000c33dfea0) 
thrown [s\open\src\hotspot\share\prims\jni.cpp, line 516]
Event: 28.999 Thread 0x00000251ed4ca530 Exception <a 'sun/nio/fs/WindowsException'{0x00000000c33f4108}> (0x00000000c33f4108) 
thrown [s\open\src\hotspot\share\prims\jni.cpp, line 516]

VM Operations (20 events):
Event: 7.190 Executing VM operation: Cleanup
Event: 7.190 Executing VM operation: Cleanup done
Event: 13.246 Executing VM operation: Cleanup
Event: 13.246 Executing VM operation: Cleanup done
Event: 14.249 Executing VM operation: Cleanup
Event: 14.249 Executing VM operation: Cleanup done
Event: 15.254 Executing VM operation: Cleanup
Event: 15.254 Executing VM operation: Cleanup done
Event: 18.274 Executing VM operation: Cleanup
Event: 18.274 Executing VM operation: Cleanup done
Event: 19.276 Executing VM operation: Cleanup
Event: 19.276 Executing VM operation: Cleanup done
Event: 25.314 Executing VM operation: Cleanup
Event: 25.314 Executing VM operation: Cleanup done
Event: 28.649 Executing VM operation: HandshakeAllThreads
Event: 28.649 Executing VM operation: HandshakeAllThreads done
Event: 28.649 Executing VM operation: Cleanup
Event: 28.649 Executing VM operation: Cleanup done
Event: 28.680 Executing VM operation: HandshakeAllThreads
Event: 28.680 Executing VM operation: HandshakeAllThreads done

Events (20 events):
Event: 0.616 Loaded shared library C:\Users\Ashwini\.jdks\openjdk-18.0.2.1\bin\zip.dll
Event: 0.642 Loaded shared library C:\Program Files\JetBrains\IntelliJ IDEA Community Edition 2021.3\bin\breakgen64.dll
Event: 0.644 Thread 0x00000251fddc6eb0 Thread added: 0x00000251fddc6eb0
Event: 0.644 Thread 0x00000251fddcc460 Thread added: 0x00000251fddcc460
Event: 0.824 Loaded shared library C:\Users\Ashwini\.jdks\openjdk-18.0.2.1\bin\verify.dll
Event: 0.832 Loaded shared library C:\Users\Ashwini\.jdks\openjdk-18.0.2.1\bin\jimage.dll
Event: 2.750 Thread 0x00000251feead700 Thread added: 0x00000251feead700
Event: 2.752 Thread 0x00000251fede22d0 Thread added: 0x00000251fede22d0
Event: 2.752 Thread 0x00000251fede2790 Thread added: 0x00000251fede2790
Event: 3.258 Loaded shared library C:\Users\Ashwini\.jdks\openjdk-18.0.2.1\bin\management.dll
Event: 3.262 Loaded shared library C:\Users\Ashwini\.jdks\openjdk-18.0.2.1\bin\management_ext.dll
Event: 3.286 Thread 0x00000251fee1b690 Thread added: 0x00000251fee1b690
Event: 3.352 Loaded shared library C:\Users\Ashwini\.jdks\openjdk-18.0.2.1\bin\sunmscapi.dll
Event: 3.814 Thread 0x00000251fee1bb60 Thread added: 0x00000251fee1bb60
Event: 3.818 Thread 0x00000251fee1c030 Thread added: 0x00000251fee1c030
Event: 3.819 Thread 0x00000251fee1c9d0 Thread added: 0x00000251fee1c9d0
Event: 3.880 Thread 0x00000251fee1cea0 Thread added: 0x00000251fee1cea0
Event: 3.880 Thread 0x00000251ff155d40 Thread added: 0x00000251ff155d40
Event: 4.278 Thread 0x00000251ff156210 Thread added: 0x00000251ff156210
Event: 14.169 Thread 0x00000251ff156bb0 Thread added: 0x00000251ff156bb0


Dynamic libraries:
0x00007ff679b40000 - 0x00007ff679b4e000 	C:\Users\Ashwini\.jdks\openjdk-18.0.2.1\bin\java.exe
0x00007ff91fd70000 - 0x00007ff91ff68000 	C:\Windows\SYSTEM32\ntdll.dll
0x00007ff91f230000 - 0x00007ff91f2ed000 	C:\Windows\System32\KERNEL32.DLL
0x00007ff91d780000 - 0x00007ff91da4e000 	C:\Windows\System32\KERNELBASE.dll
0x00007ff91d490000 - 0x00007ff91d590000 	C:\Windows\System32\ucrtbase.dll
0x00007ff917730000 - 0x00007ff917747000 	C:\Users\Ashwini\.jdks\openjdk-18.0.2.1\bin\jli.dll
0x00007ff918960000 - 0x00007ff91897a000 	C:\Users\Ashwini\.jdks\openjdk-18.0.2.1\bin\VCRUNTIME140.dll
0x00007ff91f640000 - 0x00007ff91f7e0000 	C:\Windows\System32\USER32.dll
0x00007ff91d640000 - 0x00007ff91d662000 	C:\Windows\System32\win32u.dll
0x00007ff91fcf0000 - 0x00007ff91fd1a000 	C:\Windows\System32\GDI32.dll
0x00007ff9081d0000 - 0x00007ff90846a000 	C:\Windows\WinSxS\amd64_microsoft.windows.common-controls_6595b64144ccf1df_6.0.19041.1110_none_60b5254171f9507e\COMCTL32.dll
0x00007ff91d670000 - 0x00007ff91d77b000 	C:\Windows\System32\gdi32full.dll
0x00007ff91fb40000 - 0x00007ff91fbde000 	C:\Windows\System32\msvcrt.dll
0x00007ff91db40000 - 0x00007ff91dbdd000 	C:\Windows\System32\msvcp_win.dll
0x00007ff91dfe0000 - 0x00007ff91e010000 	C:\Windows\System32\IMM32.DLL
0x00007ff918540000 - 0x00007ff91854c000 	C:\Users\Ashwini\.jdks\openjdk-18.0.2.1\bin\vcruntime140_1.dll
0x00007ff917380000 - 0x00007ff91740d000 	C:\Users\Ashwini\.jdks\openjdk-18.0.2.1\bin\msvcp140.dll
0x00007ff8cf020000 - 0x00007ff8cfc31000 	C:\Users\Ashwini\.jdks\openjdk-18.0.2.1\bin\server\jvm.dll
0x00007ff91ee90000 - 0x00007ff91ef3e000 	C:\Windows\System32\ADVAPI32.dll
0x00007ff91f0e0000 - 0x00007ff91f17c000 	C:\Windows\System32\sechost.dll
0x00007ff91f3a0000 - 0x00007ff91f4c5000 	C:\Windows\System32\RPCRT4.dll
0x00007ff91fce0000 - 0x00007ff91fce8000 	C:\Windows\System32\PSAPI.DLL
0x00007ff906fd0000 - 0x00007ff906fd9000 	C:\Windows\SYSTEM32\WSOCK32.dll
0x00007ff91ef40000 - 0x00007ff91efab000 	C:\Windows\System32\WS2_32.dll
0x00007ff916b80000 - 0x00007ff916b8a000 	C:\Windows\SYSTEM32\VERSION.dll
0x00007ff906f50000 - 0x00007ff906f77000 	C:\Windows\SYSTEM32\WINMM.dll
0x00007ff91b3a0000 - 0x00007ff91b3b2000 	C:\Windows\SYSTEM32\kernel.appcore.dll
0x00007ff917720000 - 0x00007ff91772a000 	C:\Users\Ashwini\.jdks\openjdk-18.0.2.1\bin\jimage.dll
0x00007ff915fa0000 - 0x00007ff916184000 	C:\Windows\SYSTEM32\DBGHELP.DLL
0x00007ff915e40000 - 0x00007ff915e6c000 	C:\Windows\SYSTEM32\dbgcore.DLL
0x00007ff91dbe0000 - 0x00007ff91dc62000 	C:\Windows\System32\bcryptPrimitives.dll
0x00007ff9175d0000 - 0x00007ff9175de000 	C:\Users\Ashwini\.jdks\openjdk-18.0.2.1\bin\instrument.dll
0x00007ff9176f0000 - 0x00007ff917715000 	C:\Users\Ashwini\.jdks\openjdk-18.0.2.1\bin\java.dll
0x00007ff8df7a0000 - 0x00007ff8df876000 	C:\Users\Ashwini\.jdks\openjdk-18.0.2.1\bin\jsvml.dll
0x00007ff91e020000 - 0x00007ff91e763000 	C:\Windows\System32\SHELL32.dll
0x00007ff91b5a0000 - 0x00007ff91bd35000 	C:\Windows\SYSTEM32\windows.storage.dll
0x00007ff91f7e0000 - 0x00007ff91fb34000 	C:\Windows\System32\combase.dll
0x00007ff91ce20000 - 0x00007ff91ce50000 	C:\Windows\SYSTEM32\Wldp.dll
0x00007ff91f180000 - 0x00007ff91f22d000 	C:\Windows\System32\SHCORE.dll
0x00007ff91f5e0000 - 0x00007ff91f635000 	C:\Windows\System32\shlwapi.dll
0x00007ff91d3d0000 - 0x00007ff91d3ef000 	C:\Windows\SYSTEM32\profapi.dll
0x00007ff917610000 - 0x00007ff917628000 	C:\Users\Ashwini\.jdks\openjdk-18.0.2.1\bin\zip.dll
0x00007ff9176c0000 - 0x00007ff9176d3000 	C:\Users\Ashwini\.jdks\openjdk-18.0.2.1\bin\net.dll
0x00007ff913820000 - 0x00007ff91392a000 	C:\Windows\SYSTEM32\WINHTTP.dll
0x00007ff91cb80000 - 0x00007ff91cbea000 	C:\Windows\system32\mswsock.dll
0x00007ff9176a0000 - 0x00007ff9176b6000 	C:\Users\Ashwini\.jdks\openjdk-18.0.2.1\bin\nio.dll
0x00007ff917590000 - 0x00007ff9175aa000 	C:\Program Files\JetBrains\IntelliJ IDEA Community Edition 2021.3\bin\breakgen64.dll
0x00007ff917600000 - 0x00007ff917610000 	C:\Users\Ashwini\.jdks\openjdk-18.0.2.1\bin\verify.dll
0x00007ff91cd70000 - 0x00007ff91cd88000 	C:\Windows\SYSTEM32\CRYPTSP.dll
0x00007ff91c500000 - 0x00007ff91c534000 	C:\Windows\system32\rsaenh.dll
0x00007ff91da50000 - 0x00007ff91da77000 	C:\Windows\System32\bcrypt.dll
0x00007ff91d390000 - 0x00007ff91d3be000 	C:\Windows\SYSTEM32\USERENV.dll
0x00007ff91cd90000 - 0x00007ff91cd9c000 	C:\Windows\SYSTEM32\CRYPTBASE.dll
0x00007ff91c870000 - 0x00007ff91c8ab000 	C:\Windows\SYSTEM32\IPHLPAPI.DLL
0x00007ff91e010000 - 0x00007ff91e018000 	C:\Windows\System32\NSI.dll
0x00007ff916ee0000 - 0x00007ff916ef7000 	C:\Windows\SYSTEM32\dhcpcsvc6.DLL
0x00007ff917ac0000 - 0x00007ff917add000 	C:\Windows\SYSTEM32\dhcpcsvc.DLL
0x00007ff91c8b0000 - 0x00007ff91c97a000 	C:\Windows\SYSTEM32\DNSAPI.dll
0x00007ff913520000 - 0x00007ff91352a000 	C:\Windows\System32\rasadhlp.dll
0x00007ff9137a0000 - 0x00007ff913820000 	C:\Windows\System32\fwpuclnt.dll
0x00007ff9175c0000 - 0x00007ff9175c9000 	C:\Users\Ashwini\.jdks\openjdk-18.0.2.1\bin\management.dll
0x00007ff9175b0000 - 0x00007ff9175bb000 	C:\Users\Ashwini\.jdks\openjdk-18.0.2.1\bin\management_ext.dll
0x00007ff917580000 - 0x00007ff91758e000 	C:\Users\Ashwini\.jdks\openjdk-18.0.2.1\bin\sunmscapi.dll
0x00007ff91dc70000 - 0x00007ff91ddc6000 	C:\Windows\System32\CRYPT32.dll
0x00007ff91ce90000 - 0x00007ff91ceb7000 	C:\Windows\SYSTEM32\ncrypt.dll
0x00007ff91ce50000 - 0x00007ff91ce8b000 	C:\Windows\SYSTEM32\NTASN1.dll
0x00007ff905720000 - 0x00007ff905737000 	C:\Windows\system32\napinsp.dll
0x00007ff905700000 - 0x00007ff90571b000 	C:\Windows\system32\pnrpnsp.dll
0x00007ff9056e0000 - 0x00007ff9056f5000 	C:\Windows\system32\wshbth.dll
0x00007ff918230000 - 0x00007ff91824d000 	C:\Windows\system32\NLAapi.dll
0x00007ff9056c0000 - 0x00007ff9056d2000 	C:\Windows\System32\winrnr.dll

dbghelp: loaded successfully - version: 4.0.5 - missing functions: none
symbol engine: initialized successfully - sym options: 0x614 - pdb path: .;C:\Users\Ashwini\.jdks\openjdk-18.0.2.1\bin;C:\Windows\SYSTEM32;C:\Windows\WinSxS\amd64_microsoft.windows.common-controls_6595b64144ccf1df_6.0.19041.1110_none_60b5254171f9507e;C:\Users\Ashwini\.jdks\openjdk-18.0.2.1\bin\server;C:\Program Files\JetBrains\IntelliJ IDEA Community Edition 2021.3\bin

VM Arguments:
jvm_args: -ea -Didea.test.cyclic.buffer.size=1048576 -javaagent:C:\Program Files\JetBrains\IntelliJ IDEA Community Edition 2021.3\lib\idea_rt.jar=54520:C:\Program Files\JetBrains\IntelliJ IDEA Community Edition 2021.3\bin -Dfile.encoding=UTF-8 
java_command: com.intellij.rt.testng.RemoteTestNGStarter -usedefaultlisteners false -socket54519 @w@C:\Users\Ashwini\AppData\Local\Temp\idea_working_dirs_testng1.tmp -temp C:\Users\Ashwini\AppData\Local\Temp\idea_testng1.tmp
java_class_path (initial): C:\Program Files\JetBrains\IntelliJ IDEA Community Edition 2021.3\lib\idea_rt.jar;C:\Program Files\JetBrains\IntelliJ IDEA Community Edition 2021.3\plugins\testng\lib\testng-rt.jar;E:\FacebookPageObjectModel\target\test-classes;E:\FacebookPageObjectModel\target\classes;C:\Driver\selenium-api-4.4.0.jar;C:\Driver\selenium-chrome-driver-4.4.0.jar;C:\Driver\selenium-chromium-driver-4.4.0.jar;C:\Driver\selenium-devtools-v85-4.4.0.jar;C:\Driver\selenium-devtools-v102-4.4.0.jar;C:\Driver\selenium-devtools-v103-4.4.0.jar;C:\Driver\selenium-devtools-v104-4.4.0.jar;C:\Driver\selenium-edge-driver-4.4.0.jar;C:\Driver\selenium-firefox-driver-4.4.0.jar;C:\Driver\selenium-http-4.4.0.jar;C:\Driver\selenium-ie-driver-4.4.0.jar;C:\Driver\selenium-java-4.4.0.jar;C:\Driver\selenium-json-4.4.0.jar;C:\Driver\selenium-opera-driver-4.4.0.jar;C:\Driver\selenium-remote-driver-4.4.0.jar;C:\Driver\selenium-safari-driver-4.4.0.jar;C:\Driver\selenium-support-4.4.0.jar;C:\Driver\lib\async-http-client-2.12.3.jar;C:\Driver\lib\async-http-client-netty-utils-2.12.3.jar;C:\Driver\lib\auto-common-1.2.1.jar;C:\Driver\lib\auto-service-1.0.1.jar;C:\Driver\lib\auto-service-annotations-1.0.1.jar;C:\Driver\lib\byte-buddy-1.12.10.jar;C:\Driver\lib\checker-qual-3.12.0.jar;C:\Driver\lib\commons-exec-1.3.jar;C:\Driver\lib\error_prone_annotations-2.11.0.jar;C:\Driver\lib\failsafe-3.2.4.jar;C:\Driver\lib\failureaccess-1.0.1.jar;C:\Driver\lib\guava-31.1-jre.jar;C:\Driver\lib\j2objc-annotations-1.3.jar;C:\Driver\lib\jakarta.activation-1.2.2.jar;C:\Driver\lib\jcommander-1.82.jar;C:\Driver\lib\jsr305-3.0.2.jar;C:\Driver\lib\jtoml-2.0.0.jar;C:\Driver\lib\netty-buffer-4.1.78.Final.jar;C:\Driver\lib\netty-codec-4.1.78.Final.jar;C:\Driver\lib\netty-codec-http-4.1.78.Final.jar;C:\Driver\lib\netty-codec-socks-4.1.78.Final.jar;C:\Driver\lib\netty-common-4.1.78.Final.jar;C:\Driver\lib\netty-handler-4.1.78.Final.jar;C:\Driver\lib\netty-handler-proxy-4.1.78.Final.jar;C:\Driver\lib\netty-reactive-streams-2.0.4.jar;C:\Driver\lib\netty-resolver-4.1.78.Final.jar;C:\Driver\lib\netty-transport-4.1.78.Final.jar;C:\Driver\lib\netty-transport-classes-epoll-4.1.78.Final.jar;C:\Driver\lib\netty-transport-classes-kqueue-4.1.78.Final.jar;C:\Driver\lib\netty-transport-native-unix-common-4.1.78.Final.jar;C:\Driver\lib\opentelemetry-api-1.16.0.jar;C:\Driver\lib\opentelemetry-context-1.16.0.jar;C:\Driver\lib\opentelemetry-exporter-logging-1.16.0.jar;C:\Driver\lib\opentelemetry-sdk-1.16.0.jar;C:\Driver\lib\opentelemetry-sdk-common-1.16.0.jar;C:\Driver\lib\opentelemetry-sdk-extension-autoconfigure-1.16.0-alpha.jar;C:\Driver\lib\opentelemetry-sdk-extension-autoconfigure-spi-1.16.0.jar;C:\Driver\lib\opentelemetry-sdk-logs-1.16.0-alpha.jar;C:\Driver\lib\opentelemetry-sdk-metrics-1.16.0.jar;C:\Driver\lib\opentelemetry-sdk-trace-1.16.0.jar;C:\Driver\lib\opentelemetry-semconv-1.16.0-alpha.jar;C:\Driver\lib\reactive-streams-1.0.4.jar;C:\Driver\lib\slf4j-api-1.7.36.jar;C:\Users\Ashwini\.m2\repository\org\seleniumhq\selenium\selenium-java\4.4.0\selenium-java-4.4.0.jar;C:\Users\Ashwini\.m2\repository\org\seleniumhq\selenium\selenium-api\4.4.0\selenium-api-4.4.0.jar;C:\Users\Ashwini\.m2\repository\org\seleniumhq\selenium\selenium-chrome-driver\4.4.0\selenium-chrome-driver-4.4.0.jar;C:\Users\Ashwini\.m2\repository\org\seleniumhq\selenium\selenium-chromium-driver\4.4.0\selenium-chromium-driver-4.4.0.jar;C:\Users\Ashwini\.m2\repository\org\seleniumhq\selenium\selenium-devtools-v102\4.4.0\selenium-devtools-v102-4.4.0.jar;C:\Users\Ashwini\.m2\repository\org\seleniumhq\selenium\selenium-devtools-v103\4.4.0\selenium-devtools-v103-4.4.0.jar;C:\Users\Ashwini\.m2\repository\org\seleniumhq\selenium\selenium-devtools-v104\4.4.0\selenium-devtools-v104-4.4.0.jar;C:\Users\Ashwini\.m2\repository\org\seleniumhq\selenium\selenium-devtools-v85\4.4.0\selenium-devtools-v85-4.4.0.jar;C:\Users\Ashwini\.m2\repository\org\seleniumhq\selenium\selenium-edge-driver\4.4.0\selenium-edge-driver-4.4.0.jar;C:\Users\Ashwini\.m2\repository\org\seleniumhq\selenium\selenium-firefox-driver\4.4.0\selenium-firefox-driver-4.4.0.jar;C:\Users\Ashwini\.m2\repository\org\seleniumhq\selenium\selenium-ie-driver\4.4.0\selenium-ie-driver-4.4.0.jar;C:\Users\Ashwini\.m2\repository\org\seleniumhq\selenium\selenium-opera-driver\4.4.0\selenium-opera-driver-4.4.0.jar;C:\Users\Ashwini\.m2\repository\org\seleniumhq\selenium\selenium-safari-driver\4.4.0\selenium-safari-driver-4.4.0.jar;C:\Users\Ashwini\.m2\repository\org\seleniumhq\selenium\selenium-support\4.4.0\selenium-support-4.4.0.jar;C:\Users\Ashwini\.m2\repository\org\testng\testng\7.6.1\testng-7.6.1.jar;C:\Users\Ashwini\.m2\repository\com\google\code\findbugs\jsr305\3.0.2\jsr305-3.0.2.jar;C:\Users\Ashwini\.m2\repository\org\slf4j\slf4j-api\1.7.36\slf4j-api-1.7.36.jar;C:\Users\Ashwini\.m2\repository\com\beust\jcommander\1.82\jcommander-1.82.jar;C:\Users\Ashwini\.m2\repository\org\webjars\jquery\3.6.0\jquery-3.6.0.jar;C:\Users\Ashwini\.m2\repository\org\apache\poi\poi\5.2.2\poi-5.2.2.jar;C:\Users\Ashwini\.m2\repository\commons-codec\commons-codec\1.15\commons-codec-1.15.jar;C:\Users\Ashwini\.m2\repository\org\apache\commons\commons-collections4\4.4\commons-collections4-4.4.jar;C:\Users\Ashwini\.m2\repository\org\apache\commons\commons-math3\3.6.1\commons-math3-3.6.1.jar;C:\Users\Ashwini\.m2\repository\com\zaxxer\SparseBitSet\1.2\SparseBitSet-1.2.jar;C:\Users\Ashwini\.m2\repository\org\apache\logging\log4j\log4j-api\2.17.2\log4j-api-2.17.2.jar;C:\Users\Ashwini\.m2\repository\org\apache\poi\poi-ooxml\5.2.2\poi-ooxml-5.2.2.jar;C:\Users\Ashwini\.m2\repository\org\apache\poi\poi-ooxml-lite\5.2.2\poi-ooxml-lite-5.2.2.jar;C:\Users\Ashwini\.m2\repository\org\apache\xmlbeans\xmlbeans\5.0.3\xmlbeans-5.0.3.jar;C:\Users\Ashwini\.m2\repository\org\apache\commons\commons-compress\1.21\commons-compress-1.21.jar;C:\Users\Ashwini\.m2\repository\com\github\virtuald\curvesapi\1.07\curvesapi-1.07.jar;C:\Users\Ashwini\.m2\repository\org\apache\poi\poi-ooxml-schemas\4.1.2\poi-ooxml-schemas-4.1.2.jar;C:\Users\Ashwini\.m2\repository\org\apache\poi\poi-scratchpad\5.2.2\poi-scratchpad-5.2.2.jar;C:\Users\Ashwini\.m2\repository\org\apache\poi\ooxml-schemas\1.4\ooxml-schemas-1.4.jar;C:\Users\Ashwini\.m2\repository\org\apache\poi\openxml4j\1.0-beta\openxml4j-1.0-beta.jar;C:\Users\Ashwini\.m2\repository\dom4j\dom4j\1.6.1\dom4j-1.6.1.jar;C:\Users\Ashwini\.m2\repository\xml-apis\xml-apis\1.0.b2\xml-apis-1.0.b2.jar;C:\Users\Ashwini\.m2\repository\log4j\log4j\1.2.8\log4j-1.2.8.jar;C:\Users\Ashwini\.m2\repository\commons-io\commons-io\2.11.0\commons-io-2.11.0.jar;C:\Users\Ashwini\.m2\repository\org\seleniumhq\selenium\selenium-remote-driver\4.4.0\selenium-remote-driver-4.4.0.jar;C:\Users\Ashwini\.m2\repository\com\google\auto\service\auto-service-annotations\1.0.1\auto-service-annotations-1.0.1.jar;C:\Users\Ashwini\.m2\repository\com\google\auto\service\auto-service\1.0.1\auto-service-1.0.1.jar;C:\Users\Ashwini\.m2\repository\com\google\auto\auto-common\1.2\auto-common-1.2.jar;C:\Users\Ashwini\.m2\repository\com\google\guava\guava\31.1-jre\guava-31.1-jre.jar;C:\Users\Ashwini\.m2\repository\com\google\guava\failureaccess\1.0.1\failureaccess-1.0.1.jar;C:\Users\Ashwini\.m2\repository\com\google\guava\listenablefuture\9999.0-empty-to-avoid-conflict-with-guava\listenablefuture-9999.0-empty-to-avoid-conflict-with-guava.jar;C:\Users\Ashwini\.m2\repository\org\checkerframework\checker-qual\3.12.0\checker-qual-3.12.0.jar;C:\Users\Ashwini\.m2\repository\com\google\errorprone\error_prone_annotations\2.11.0\error_prone_annotations-2.11.0.jar;C:\Users\Ashwini\.m2\repository\com\google\j2objc\j2objc-annotations\1.3\j2objc-annotations-1.3.jar;C:\Users\Ashwini\.m2\repository\io\netty\netty-buffer\4.1.78.Final\netty-buffer-4.1.78.Final.jar;C:\Users\Ashwini\.m2\repository\io\netty\netty-codec-http\4.1.78.Final\netty-codec-http-4.1.78.Final.jar;C:\Users\Ashwini\.m2\repository\io\netty\netty-codec\4.1.78.Final\netty-codec-4.1.78.Final.jar;C:\Users\Ashwini\.m2\repository\io\netty\netty-handler\4.1.78.Final\netty-handler-4.1.78.Final.jar;C:\Users\Ashwini\.m2\repository\io\netty\netty-common\4.1.78.Final\netty-common-4.1.78.Final.jar;C:\Users\Ashwini\.m2\repository\io\netty\netty-transport-classes-epoll\4.1.78.Final\netty-transport-classes-epoll-4.1.78.Final.jar;C:\Users\Ashwini\.m2\repository\io\netty\netty-transport-classes-kqueue\4.1.78.Final\netty-transport-classes-kqueue-4.1.78.Final.jar;C:\Users\Ashwini\.m2\repository\io\netty\netty-transport-native-epoll\4.1.78.Final\netty-transport-native-epoll-4.1.78.Final.jar;C:\Users\Ashwini\.m2\repository\io\netty\netty-transport-native-kqueue\4.1.78.Final\netty-transport-native-kqueue-4.1.78.Final.jar;C:\Users\Ashwini\.m2\repository\io\netty\netty-transport-native-unix-common\4.1.78.Final\netty-transport-native-unix-common-4.1.78.Final.jar;C:\Users\Ashwini\.m2\repository\io\netty\netty-transport\4.1.78.Final\netty-transport-4.1.78.Final.jar;C:\Users\Ashwini\.m2\repository\io\netty\netty-resolver\4.1.78.Final\netty-resolver-4.1.78.Final.jar;C:\Users\Ashwini\.m2\repository\io\opentelemetry\opentelemetry-api\1.16.0\opentelemetry-api-1.16.0.jar;C:\Users\Ashwini\.m2\repository\io\opentelemetry\opentelemetry-context\1.16.0\opentelemetry-context-1.16.0.jar;C:\Users\Ashwini\.m2\repository\io\opentelemetry\opentelemetry-exporter-logging\1.16.0\opentelemetry-exporter-logging-1.16.0.jar;C:\Users\Ashwini\.m2\repository\io\opentelemetry\opentelemetry-sdk-metrics\1.16.0\opentelemetry-sdk-metrics-1.16.0.jar;C:\Users\Ashwini\.m2\repository\io\opentelemetry\opentelemetry-sdk-logs\1.16.0-alpha\opentelemetry-sdk-logs-1.16.0-alpha.jar;C:\Users\Ashwini\.m2\repository\io\opentelemetry\opentelemetry-sdk-common\1.16.0\opentelemetry-sdk-common-1.16.0.jar;C:\Users\Ashwini\.m2\repository\io\opentelemetry\opentelemetry-sdk-extension-autoconfigure-spi\1.16.0\opentelemetry-sdk-extension-autoconfigure-spi-1.16.0.jar;C:\Users\Ashwini\.m2\repository\io\opentelemetry\opentelemetry-sdk-extension-autoconfigure\1.16.0-alpha\opentelemetry-sdk-extension-autoconfigure-1.16.0-alpha.jar;C:\Users\Ashwini\.m2\repository\io\opentelemetry\opentelemetry-sdk-trace\1.16.0\opentelemetry-sdk-trace-1.16.0.jar;C:\Users\Ashwini\.m2\repository\io\opentelemetry\opentelemetry-sdk\1.16.0\opentelemetry-sdk-1.16.0.jar;C:\Users\Ashwini\.m2\repository\io\opentelemetry\opentelemetry-semconv\1.16.0-alpha\opentelemetry-semconv-1.16.0-alpha.jar;C:\Users\Ashwini\.m2\repository\io\ous\jtoml\2.0.0\jtoml-2.0.0.jar;C:\Users\Ashwini\.m2\repository\net\bytebuddy\byte-buddy\1.12.10\byte-buddy-1.12.10.jar;C:\Users\Ashwini\.m2\repository\org\apache\commons\commons-exec\1.3\commons-exec-1.3.jar;C:\Users\Ashwini\.m2\repository\org\asynchttpclient\async-http-client\2.12.3\async-http-client-2.12.3.jar;C:\Users\Ashwini\.m2\repository\org\asynchttpclient\async-http-client-netty-utils\2.12.3\async-http-client-netty-utils-2.12.3.jar;C:\Users\Ashwini\.m2\repository\io\netty\netty-codec-socks\4.1.60.Final\netty-codec-socks-4.1.60.Final.jar;C:\Users\Ashwini\.m2\repository\io\netty\netty-handler-proxy\4.1.60.Final\netty-handler-proxy-4.1.60.Final.jar;C:\Users\Ashwini\.m2\repository\io\netty\netty-transport-native-epoll\4.1.60.Final\netty-transport-native-epoll-4.1.60.Final-linux-x86_64.jar;C:\Users\Ashwini\.m2\repository\io\netty\netty-transport-native-kqueue\4.1.60.Final\netty-transport-native-kqueue-4.1.60.Final-osx-x86_64.jar;C:\Users\Ashwini\.m2\repository\org\reactivestreams\reactive-streams\1.0.3\reactive-streams-1.0.3.jar;C:\Users\Ashwini\.m2\repository\com\typesafe\netty\netty-reactive-streams\2.0.4\netty-reactive-streams-2.0.4.jar;C:\Users\Ashwini\.m2\repository\com\sun\activation\jakarta.activation\1.2.2\jakarta.activation-1.2.2.jar;C:\Users\Ashwini\.m2\repository\org\seleniumhq\selenium\selenium-http\4.4.0\selenium-http-4.4.0.jar;C:\Users\Ashwini\.m2\repository\dev\failsafe\failsafe\3.2.4\failsafe-3.2.4.jar;C:\Users\Ashwini\.m2\repository\org\seleniumhq\selenium\selenium-json\4.4.0\selenium-json-4.4.0.jar;C:\Users\Ashwini\.m2\repository\io\github\bonigarcia\webdrivermanager\5.3.0\webdrivermanager-5.3.0.jar;C:\Users\Ashwini\.m2\repository\com\google\code\gson\gson\2.9.1\gson-2.9.1.jar;C:\Users\Ashwini\.m2\repository\com\github\docker-java\docker-java\3.2.13\docker-java-3.2.13.jar;C:\Users\Ashwini\.m2\repository\com\github\docker-java\docker-java-core\3.2.13\docker-java-core-3.2.13.jar;C:\Users\Ashwini\.m2\repository\com\github\docker-java\docker-java-api\3.2.13\docker-java-api-3.2.13.jar;C:\Users\Ashwini\.m2\repository\com\fasterxml\jackson\core\jackson-annotations\2.10.3\jackson-annotations-2.10.3.jar;C:\Users\Ashwini\.m2\repository\com\fasterxml\jackson\core\jackson-databind\2.10.3\jackson-databind-2.10.3.jar;C:\Users\Ashwini\.m2\repository\com\fasterxml\jackson\core\jackson-core\2.10.3\jackson-core-2.10.3.jar;C:\Users\Ashwini\.m2\repository\org\bouncycastle\bcpkix-jdk15on\1.64\bcpkix-jdk15on-1.64.jar;C:\Users\Ashwini\.m2\repository\org\bouncycastle\bcprov-jdk15on\1.64\bcprov-jdk15on-1.64.jar;C:\Users\Ashwini\.m2\repository\org\slf4j\jcl-over-slf4j\1.7.30\jcl-over-slf4j-1.7.30.jar;C:\Users\Ashwini\.m2\repository\com\github\docker-java\docker-java-transport-httpclient5\3.2.13\docker-java-transport-httpclient5-3.2.13.jar;C:\Users\Ashwini\.m2\repository\com\github\docker-java\docker-java-transport\3.2.13\docker-java-transport-3.2.13.jar;C:\Users\Ashwini\.m2\repository\net\java\dev\jna\jna\5.8.0\jna-5.8.0.jar;C:\Users\Ashwini\.m2\repository\org\brotli\dec\0.1.2\dec-0.1.2.jar;C:\Users\Ashwini\.m2\repository\org\apache\commons\commons-lang3\3.12.0\commons-lang3-3.12.0.jar;C:\Users\Ashwini\.m2\repository\org\apache\httpcomponents\client5\httpclient5\5.1.3\httpclient5-5.1.3.jar;C:\Users\Ashwini\.m2\repository\org\apache\httpcomponents\core5\httpcore5\5.1.3\httpcore5-5.1.3.jar;C:\Users\Ashwini\.m2\repository\org\apache\httpcomponents\core5\httpcore5-h2\5.1.3\httpcore5-h2-5.1.3.jar;C:\Users\Ashwini\.m2\repository\com\relevantcodes\extentreports\2.41.2\extentreports-2.41.2.jar;C:\Users\Ashwini\.m2\repository\org\jsoup\jsoup\1.8.3\jsoup-1.8.3.jar;C:\Users\Ashwini\.m2\repository\org\xerial\sqlite-jdbc\3.8.11.1\sqlite-jdbc-3.8.11.1.jar;C:\Users\Ashwini\.m2\repository\org\freemarker\freemarker\2.3.23\freemarker-2.3.23.jar;C:\Users\Ashwini\.m2\repository\org\mongodb\mongodb-driver\3.0.4\mongodb-driver-3.0.4.jar;C:\Users\Ashwini\.m2\repository\org\mongodb\bson\3.0.4\bson-3.0.4.jar;C:\Users\Ashwini\.m2\repository\org\mongodb\mongodb-driver-core\3.0.4\mongodb-driver-core-3.0.4.jar;C:\Users\Ashwini\.m2\repository\com\aventstack\extentreports\5.0.9\extentreports-5.0.9.jar;C:\Users\Ashwini\.m2\repository\io\reactivex\rxjava3\rxjava\3.0.4\rxjava-3.0.4.jar;C:\Users\Ashwini\.m2\repository\org\projectlombok\lombok\1.18.12\lombok-1.18.12.jar;C:\Users\Ashwini\.m2\repository\io\qameta\allure\allure-testng\2.19.0\allure-testng-2.19.0.jar;C:\Users\Ashwini\.m2\repository\io\qameta\allure\allure-java-commons\2.19.0\allure-java-commons-2.19.0.jar;C:\Users\Ashwini\.m2\repository\io\qameta\allure\allure-model\2.19.0\allure-model-2.19.0.jar;C:\Users\Ashwini\.m2\repository\io\qameta\allure\allure-test-filter\2.19.0\allure-test-filter-2.19.0.jar;C:\Users\Ashwini\.m2\repository\org\apache\logging\log4j\log4j-to-slf4j\2.8.2\log4j-to-slf4j-2.8.2.jar
Launcher Type: SUN_STANDARD

[Global flags]
     intx CICompilerCount                          = 3                                         {product} {ergonomic}
     uint ConcGCThreads                            = 1                                         {product} {ergonomic}
     uint G1ConcRefinementThreads                  = 4                                         {product} {ergonomic}
   size_t G1HeapRegionSize                         = 1048576                                   {product} {ergonomic}
    uintx GCDrainStackTargetSize                   = 64                                        {product} {ergonomic}
   size_t InitialHeapSize                          = 67108864                                  {product} {ergonomic}
   size_t MarkStackSize                            = 4194304                                   {product} {ergonomic}
   size_t MaxHeapSize                              = 1067450368                                {product} {ergonomic}
   size_t MaxNewSize                               = 639631360                                 {product} {ergonomic}
   size_t MinHeapDeltaBytes                        = 1048576                                   {product} {ergonomic}
   size_t MinHeapSize                              = 8388608                                   {product} {ergonomic}
    uintx NonNMethodCodeHeapSize                   = 5832780                                {pd product} {ergonomic}
    uintx NonProfiledCodeHeapSize                  = 122912730                              {pd product} {ergonomic}
    uintx ProfiledCodeHeapSize                     = 122912730                              {pd product} {ergonomic}
    uintx ReservedCodeCacheSize                    = 251658240                              {pd product} {ergonomic}
     bool SegmentedCodeCache                       = true                                      {product} {ergonomic}
   size_t SoftMaxHeapSize                          = 1067450368                             {manageable} {ergonomic}
     bool UseCompressedClassPointers               = true                           {product lp64_product} {ergonomic}
     bool UseCompressedOops                        = true                           {product lp64_product} {ergonomic}
     bool UseG1GC                                  = true                                      {product} {ergonomic}
     bool UseLargePagesIndividualAllocation        = false                                  {pd product} {ergonomic}

Logging:
Log output configuration:
 #0: stdout all=warning uptime,level,tags foldmultilines=false
 #1: stderr all=off uptime,level,tags foldmultilines=false

Environment Variables:
JAVA_HOME=C:\Program Files\Java\jdk1.8.0_201
PATH=C:\Program Files\Common Files\Oracle\Java\javapath;C:\Program Files (x86)\Common Files\Oracle\Java\javapath;C:\Windows\system32;C:\Windows;C:\Windows\System32\Wbem;C:\Windows\System32\WindowsPowerShell\v1.0\;C:\Windows\System32\OpenSSH\;C:\Program Files\Git\cmd;C:\Program Files\nodejs\;C:\ProgramData\chocolatey\bin;C:\Program Files\MySQL\MySQL Server 8.0\bin;F:\Software\Maven\apache-maven-3.8.6\bin;C:\Program Files\Java\jdk1.8.0_201\bin;F:\Software\Allure\allure-2.19.0\bin;C:\Program Files\MySQL\MySQL Shell 8.0\bin\;C:\Program Files\Java\jdk1.8.0_201\bin;C:\Users\Ashwini\AppData\Local\Programs\Microsoft VS Code\bin;C:\Users\Ashwini\AppData\Roaming\npm
USERNAME=Ashwini
OS=Windows_NT
PROCESSOR_IDENTIFIER=Intel64 Family 6 Model 42 Stepping 7, GenuineIntel



---------------  S Y S T E M  ---------------

OS:
 Windows 10 , 64 bit Build 19041 (10.0.19041.1889)
OS uptime: 0 days 19:02 hours

CPU: total 4 (initial active 4) (2 cores per cpu, 2 threads per core) family 6 model 42 stepping 7 microcode 0x2f, cx8, cmov, fxsr, ht, mmx, sse, sse2, sse3, ssse3, sse4.1, sse4.2, popcnt, tsc, tscinvbit, avx, clmul, vzeroupper, clflush

Memory: 4k page, system-wide physical 4066M (256M free)
TotalPageFile size 16354M (AvailPageFile size 2M)
current process WorkingSet (physical memory assigned to process): 143M, peak: 143M
current process commit charge ("private bytes"): 196M, peak: 197M

vm_info: OpenJDK 64-Bit Server VM (18.0.2.1+1-1) for windows-amd64 JRE (18.0.2.1+1-1), built on Aug 16 2022 01:44:29 by "mach5one" with MS VC++ 16.8 / 16.9 (VS2019)

END.
