#
# There is insufficient memory for the Java Runtime Environment to continue.
# Native memory allocation (mmap) failed to map 65536 bytes for Failed to commit metaspace.
# Possible reasons:
#   The system is out of physical RAM or swap space
#   The process is running with CompressedOops enabled, and the Java Heap may be blocking the growth of the native heap
# Possible solutions:
#   Reduce memory load on the system
#   Increase physical memory or swap space
#   Check if swap backing store is full
#   Decrease Java heap size (-Xmx/-Xms)
#   Decrease number of Java threads
#   Decrease Java thread stack sizes (-Xss)
#   Set larger code cache with -XX:ReservedCodeCacheSize=
#   JVM is running with Unscaled Compressed Oops mode in which the Java heap is
#     placed in the first 4GB address space. The Java Heap base address is the
#     maximum limit for the native heap growth. Please use -XX:HeapBaseMinAddress
#     to set the Java Heap base and to place the Java Heap above 4GB virtual address.
# This output file may be truncated or incomplete.
#
#  Out of Memory Error (virtualSpaceNode.cpp:110), pid=9724, tid=19348
#
# JRE version: OpenJDK Runtime Environment (18.0.2.1+1) (build 18.0.2.1+1-1)
# Java VM: OpenJDK 64-Bit Server VM (18.0.2.1+1-1, mixed mode, sharing, tiered, compressed oops, compressed class ptrs, g1 gc, windows-amd64)
# No core dump will be written. Minidumps are not enabled by default on client versions of Windows
#

---------------  S U M M A R Y ------------

Command Line: -ea -Didea.test.cyclic.buffer.size=1048576 -javaagent:C:\Program Files\JetBrains\IntelliJ IDEA Community Edition 2021.3\lib\idea_rt.jar=56031:C:\Program Files\JetBrains\IntelliJ IDEA Community Edition 2021.3\bin -Dfile.encoding=UTF-8 com.intellij.rt.testng.RemoteTestNGStarter -usedefaultlisteners false -socket56030 @w@C:\Users\Ashwini\AppData\Local\Temp\idea_working_dirs_testng1.tmp -temp C:\Users\Ashwini\AppData\Local\Temp\idea_testng1.tmp

Host: Intel(R) Core(TM) i3-2120 CPU @ 3.30GHz, 4 cores, 3G,  Windows 10 , 64 bit Build 19041 (10.0.19041.1889)
Time: Thu Sep 15 13:18:57 2022 India Standard Time elapsed time: 17.764355 seconds (0d 0h 0m 17s)

---------------  T H R E A D  ---------------

Current thread (0x000001933cad7e60):  JavaThread "main" [_thread_in_vm, id=19348, stack(0x0000001c03f00000,0x0000001c04000000)]

Stack: [0x0000001c03f00000,0x0000001c04000000]
Native frames: (J=compiled Java code, j=interpreted, Vv=VM code, C=native code)
V  [jvm.dll+0x6993aa]
V  [jvm.dll+0x7f46dd]
V  [jvm.dll+0x7f5fee]
V  [jvm.dll+0x7f66a3]
V  [jvm.dll+0x25cf1f]
V  [jvm.dll+0x7f03eb]
V  [jvm.dll+0x63f526]
V  [jvm.dll+0x1d75ce]
V  [jvm.dll+0x641ecb]
V  [jvm.dll+0x641cce]
V  [jvm.dll+0x63feee]
V  [jvm.dll+0x252ab0]
V  [jvm.dll+0x20333d]
V  [jvm.dll+0x1f8d61]
V  [jvm.dll+0x55dc05]
V  [jvm.dll+0x76e943]
V  [jvm.dll+0x76ea24]
V  [jvm.dll+0x42d7b4]
V  [jvm.dll+0x4334bf]
C  [java.dll+0x17ec]

Java frames: (J=compiled Java code, j=interpreted, Vv=VM code)
J 1048  java.lang.ClassLoader.defineClass1(Ljava/lang/ClassLoader;Ljava/lang/String;[BIILjava/security/ProtectionDomain;Ljava/lang/String;)Ljava/lang/Class; java.base@18.0.2.1 (0 bytes) @ 0x000001934bf30de3 [0x000001934bf30d20+0x00000000000000c3]
J 1278 c1 java.lang.ClassLoader.defineClass(Ljava/lang/String;[BIILjava/security/ProtectionDomain;)Ljava/lang/Class; java.base@18.0.2.1 (43 bytes) @ 0x0000019344c08654 [0x0000019344c08300+0x0000000000000354]
J 1191 c1 java.security.SecureClassLoader.defineClass(Ljava/lang/String;[BIILjava/security/CodeSource;)Ljava/lang/Class; java.base@18.0.2.1 (16 bytes) @ 0x0000019344be180c [0x0000019344be1740+0x00000000000000cc]
J 1176 c1 jdk.internal.loader.BuiltinClassLoader.defineClass(Ljava/lang/String;Ljdk/internal/loader/Resource;)Ljava/lang/Class; java.base@18.0.2.1 (121 bytes) @ 0x0000019344bd6564 [0x0000019344bd5600+0x0000000000000f64]
J 1042 c1 jdk.internal.loader.BuiltinClassLoader.findClassOnClassPathOrNull(Ljava/lang/String;)Ljava/lang/Class; java.base@18.0.2.1 (64 bytes) @ 0x0000019344b7bdb4 [0x0000019344b7b0e0+0x0000000000000cd4]
J 569 c1 jdk.internal.loader.BuiltinClassLoader.loadClassOrNull(Ljava/lang/String;Z)Ljava/lang/Class; java.base@18.0.2.1 (143 bytes) @ 0x0000019344a8a434 [0x0000019344a899c0+0x0000000000000a74]
J 734 c1 jdk.internal.loader.ClassLoaders$AppClassLoader.loadClass(Ljava/lang/String;Z)Ljava/lang/Class; java.base@18.0.2.1 (40 bytes) @ 0x0000019344ad2dc4 [0x0000019344ad2be0+0x00000000000001e4]
J 733 c1 java.lang.ClassLoader.loadClass(Ljava/lang/String;)Ljava/lang/Class; java.base@18.0.2.1 (7 bytes) @ 0x0000019344ad28cc [0x0000019344ad27c0+0x000000000000010c]
v  ~StubRoutines::call_stub
j  io.qameta.allure.testng.AllureTestNg.getSeverity(Ljava/lang/reflect/AnnotatedElement;)Ljava/util/Optional;+11
j  io.qameta.allure.testng.AllureTestNg$$Lambda$557+0x0000000800f2d198.apply(Ljava/lang/Object;)Ljava/lang/Object;+11
j  java.util.Optional.map(Ljava/util/function/Function;)Ljava/util/Optional;+21 java.base@18.0.2.1
j  io.qameta.allure.testng.AllureTestNg.getLabels(Lorg/testng/ITestNGMethod;Lorg/testng/IClass;)Ljava/util/List;+73
j  io.qameta.allure.testng.AllureTestNg.startTestCase(Lorg/testng/ITestContext;Lorg/testng/ITestNGMethod;Lorg/testng/IClass;[Ljava/lang/Object;Ljava/lang/String;Ljava/lang/String;)V+152
j  io.qameta.allure.testng.AllureTestNg.startTestCase(Lorg/testng/ITestResult;Ljava/lang/String;Ljava/lang/String;)V+27
j  io.qameta.allure.testng.AllureTestNg.onConfigurationFailure(Lorg/testng/ITestResult;)V+18
j  org.testng.internal.TestListenerHelper.runPostConfigurationListeners(Lorg/testng/ITestResult;Lorg/testng/ITestNGMethod;Ljava/util/List;)V+101
j  org.testng.internal.invokers.ConfigInvoker.runConfigurationListeners(Lorg/testng/ITestResult;Lorg/testng/ITestNGMethod;Z)V+32
j  org.testng.internal.invokers.ConfigInvoker.handleConfigurationFailure(Ljava/lang/Throwable;Lorg/testng/ITestNGMethod;Lorg/testng/ITestResult;Lorg/testng/annotations/IConfigurationAnnotation;Lorg/testng/ITestNGMethod;Ljava/lang/Object;Lorg/testng/xml/XmlSuite;)V+92
j  org.testng.internal.invokers.ConfigInvoker.invokeConfigurations(Lorg/testng/internal/invokers/ConfigMethodArguments;)V+606
j  org.testng.internal.invokers.TestInvoker.runConfigMethods(Lorg/testng/internal/invokers/TestMethodArguments;Lorg/testng/xml/XmlSuite;Lorg/testng/internal/TestResult;[Lorg/testng/ITestNGMethod;)V+66
j  org.testng.internal.invokers.TestInvoker.invokeMethod(Lorg/testng/internal/invokers/TestMethodArguments;Lorg/testng/xml/XmlSuite;Lorg/testng/internal/invokers/ITestInvoker$FailureContext;)Lorg/testng/ITestResult;+106
j  org.testng.internal.invokers.TestInvoker.invokeTestMethod(Lorg/testng/internal/invokers/TestMethodArguments;Lorg/testng/xml/XmlSuite;Lorg/testng/internal/invokers/ITestInvoker$FailureContext;)Lorg/testng/ITestResult;+16
j  org.testng.internal.invokers.MethodRunner.runInSequence(Lorg/testng/internal/invokers/TestMethodArguments;Lorg/testng/internal/invokers/ITestInvoker;Lorg/testng/ITestContext;Ljava/util/concurrent/atomic/AtomicInteger;Lorg/testng/internal/invokers/ITestInvoker$FailureContext;Ljava/util/Iterator;Z)Ljava/util/List;+127
j  org.testng.internal.invokers.TestInvoker$MethodInvocationAgent.invoke(I)I+376
j  org.testng.internal.invokers.TestInvoker.invokeTestMethods(Lorg/testng/ITestNGMethod;Lorg/testng/internal/ConfigurationGroupMethods;Ljava/lang/Object;Lorg/testng/ITestContext;)Ljava/util/List;+569
j  org.testng.internal.invokers.TestMethodWorker.invokeTestMethods(Lorg/testng/ITestNGMethod;Ljava/lang/Object;)V+14
j  org.testng.internal.invokers.TestMethodWorker.run()V+127
j  org.testng.TestRunner$$Lambda$201+0x0000000800d2a000.accept(Ljava/lang/Object;)V+7
j  java.util.ArrayList.forEach(Ljava/util/function/Consumer;)V+46 java.base@18.0.2.1
j  org.testng.TestRunner.privateRun(Lorg/testng/xml/XmlTest;)V+323
j  org.testng.TestRunner.run()V+25
j  org.testng.SuiteRunner.runTest(Lorg/testng/TestRunner;)V+21
j  org.testng.SuiteRunner.runSequentially()V+31
j  org.testng.SuiteRunner.privateRun()V+314
j  org.testng.SuiteRunner.run()V+6
j  org.testng.SuiteRunnerWorker.runSuite(Lorg/testng/internal/invokers/SuiteRunnerMap;Lorg/testng/xml/XmlSuite;)V+56
j  org.testng.SuiteRunnerWorker.run()V+12
j  org.testng.TestNG.runSuitesSequentially(Lorg/testng/xml/XmlSuite;Lorg/testng/internal/invokers/SuiteRunnerMap;ILjava/lang/String;)V+66
j  org.testng.TestNG.runSuitesLocally()Ljava/util/List;+156
j  org.testng.TestNG.runSuites()Ljava/util/List;+1
j  org.testng.TestNG.run()V+25
j  com.intellij.rt.testng.IDEARemoteTestNG.run()V+270
j  com.intellij.rt.testng.RemoteTestNGStarter.main([Ljava/lang/String;)V+536
v  ~StubRoutines::call_stub

---------------  P R O C E S S  ---------------

Threads class SMR info:
_java_thread_list=0x0000019357ed7ff0, length=23, elements={
0x000001933cad7e60, 0x000001933cb772d0, 0x000001933cb78950, 0x0000019357e35890,
0x000001933cb89380, 0x000001933cb89c30, 0x000001933cb8a5d0, 0x000001933cb8b2a0,
0x0000019357ea52d0, 0x0000019357ea77e0, 0x000001933cb601b0, 0x000001935c2994c0,
0x000001935c299980, 0x000001935d60c100, 0x000001935d576050, 0x000001935d6fc050,
0x000001935d6d7430, 0x000001935d6d1f00, 0x000001935d8042c0, 0x000001935d805600,
0x000001935d804790, 0x000001935d804c60, 0x000001935d805ad0
}

Java Threads: ( => current thread )
=>0x000001933cad7e60 JavaThread "main" [_thread_in_vm, id=19348, stack(0x0000001c03f00000,0x0000001c04000000)]
  0x000001933cb772d0 JavaThread "Reference Handler" daemon [_thread_blocked, id=19864, stack(0x0000001c04600000,0x0000001c04700000)]
  0x000001933cb78950 JavaThread "Finalizer" daemon [_thread_blocked, id=19872, stack(0x0000001c04700000,0x0000001c04800000)]
  0x0000019357e35890 JavaThread "Signal Dispatcher" daemon [_thread_blocked, id=20892, stack(0x0000001c04800000,0x0000001c04900000)]
  0x000001933cb89380 JavaThread "Attach Listener" daemon [_thread_blocked, id=20916, stack(0x0000001c04900000,0x0000001c04a00000)]
  0x000001933cb89c30 JavaThread "Service Thread" daemon [_thread_blocked, id=20924, stack(0x0000001c04a00000,0x0000001c04b00000)]
  0x000001933cb8a5d0 JavaThread "Monitor Deflation Thread" daemon [_thread_blocked, id=20884, stack(0x0000001c04b00000,0x0000001c04c00000)]
  0x000001933cb8b2a0 JavaThread "C2 CompilerThread0" daemon [_thread_blocked, id=20920, stack(0x0000001c04c00000,0x0000001c04d00000)]
  0x0000019357ea52d0 JavaThread "C1 CompilerThread0" daemon [_thread_blocked, id=20928, stack(0x0000001c04d00000,0x0000001c04e00000)]
  0x0000019357ea77e0 JavaThread "Sweeper thread" daemon [_thread_blocked, id=19080, stack(0x0000001c04e00000,0x0000001c04f00000)]
  0x000001933cb601b0 JavaThread "Common-Cleaner" daemon [_thread_blocked, id=20804, stack(0x0000001c04f00000,0x0000001c05000000)]
  0x000001935c2994c0 JavaThread "Monitor Ctrl-Break" daemon [_thread_in_native, id=18760, stack(0x0000001c05000000,0x0000001c05100000)]
  0x000001935c299980 JavaThread "Notification Thread" daemon [_thread_blocked, id=15892, stack(0x0000001c05100000,0x0000001c05200000)]
  0x000001935d60c100 JavaThread "ForkJoinPool.commonPool-worker-1" daemon [_thread_blocked, id=20460, stack(0x0000001c05600000,0x0000001c05700000)]
  0x000001935d576050 JavaThread "AsyncHttpClient-1-1" daemon [_thread_blocked, id=20656, stack(0x0000001c05700000,0x0000001c05800000)]
  0x000001935d6fc050 JavaThread "Exec Default Executor" daemon [_thread_in_native, id=19904, stack(0x0000001c05800000,0x0000001c05900000)]
  0x000001935d6d7430 JavaThread "Driver Service Executor" daemon [_thread_blocked, id=11080, stack(0x0000001c05900000,0x0000001c05a00000)]
  0x000001935d6d1f00 JavaThread "Driver Service Executor" daemon [_thread_blocked, id=20636, stack(0x0000001c05a00000,0x0000001c05b00000)]
  0x000001935d8042c0 JavaThread "Exec Stream Pumper" daemon [_thread_in_native, id=19548, stack(0x0000001c05c00000,0x0000001c05d00000)]
  0x000001935d805600 JavaThread "Exec Stream Pumper" daemon [_thread_in_native, id=19740, stack(0x0000001c05d00000,0x0000001c05e00000)]
  0x000001935d804790 JavaThread "ForkJoinPool.commonPool-worker-2" daemon [_thread_blocked, id=14180, stack(0x0000001c05e00000,0x0000001c05f00000)]
  0x000001935d804c60 JavaThread "AsyncHttpClient-1-2" daemon [_thread_in_native, id=20016, stack(0x0000001c05f00000,0x0000001c06000000)]
  0x000001935d805ad0 JavaThread "AsyncHttpClient-1-3" daemon [_thread_in_native, id=14364, stack(0x0000001c06000000,0x0000001c06100000)]

Other Threads:
  0x000001933cb70b10 VMThread "VM Thread" [stack: 0x0000001c04500000,0x0000001c04600000] [id=2652]
  0x000001933cad8e00 WatcherThread "VM Periodic Task Thread" [stack: 0x0000001c05200000,0x0000001c05300000] [id=19884]
  0x000001933cb19a90 WorkerThread "GC Thread#0" [stack: 0x0000001c04000000,0x0000001c04100000] [id=19788]
  0x000001935c357000 WorkerThread "GC Thread#1" [stack: 0x0000001c05300000,0x0000001c05400000] [id=20764]
  0x000001935c9ae670 WorkerThread "GC Thread#2" [stack: 0x0000001c05400000,0x0000001c05500000] [id=20772]
  0x000001935cdf09a0 WorkerThread "GC Thread#3" [stack: 0x0000001c05500000,0x0000001c05600000] [id=20660]
  0x000001933cb22900 ConcurrentGCThread "G1 Main Marker" [stack: 0x0000001c04100000,0x0000001c04200000] [id=20300]
  0x000001933cb232f0 WorkerThread "G1 Conc#0" [stack: 0x0000001c04200000,0x0000001c04300000] [id=20648]
  0x000001933cb4c690 ConcurrentGCThread "G1 Refine#0" [stack: 0x0000001c04300000,0x0000001c04400000] [id=20644]
  0x000001933cb4d740 ConcurrentGCThread "G1 Service" [stack: 0x0000001c04400000,0x0000001c04500000] [id=20640]

Threads with active compile tasks:

VM state: not at safepoint (normal execution)

VM Mutex/Monitor currently owned by a thread:  ([mutex/lock_event])
[0x000001933cad2370] Metaspace_lock - owner thread: 0x000001933cad7e60

OutOfMemory and StackOverflow Exception counts:
OutOfMemoryError java_heap_errors=1
LinkageErrors=69

Heap address: 0x00000000c0600000, size: 1018 MB, Compressed Oops mode: 32-bit

CDS archive(s) mapped at: [0x0000000800000000-0x0000000800ba0000-0x0000000800ba0000), size 12189696, SharedBaseAddress: 0x0000000800000000, ArchiveRelocationMode: 0.
Compressed class space mapped at: 0x0000000800c00000-0x0000000840c00000, reserved size: 1073741824
Narrow klass base: 0x0000000800000000, Narrow klass shift: 0, Narrow klass range: 0x100000000

GC Precious Log:
 CardTable entry size: 512
 Card Set container configuration: InlinePtr #cards 5 size 8 Array Of Cards #cards 12 size 40 Howl #buckets 4 coarsen threshold 1843 Howl Bitmap #cards 512 size 80 coarsen threshold 460 Card regions per heap region 1 cards per card region 2048
 CPUs: 4 total, 4 available
 Memory: 4066M
 Large Page Support: Disabled
 NUMA Support: Disabled
 Compressed Oops: Enabled (32-bit)
 Heap Region Size: 1M
 Heap Min Capacity: 8M
 Heap Initial Capacity: 64M
 Heap Max Capacity: 1018M
 Pre-touch: Disabled
 Parallel Workers: 4
 Concurrent Workers: 1
 Concurrent Refinement Workers: 4
 Periodic GC: Disabled

Heap:
 garbage-first heap   total 65536K, used 38389K [0x00000000c0600000, 0x0000000100000000)
  region size 1024K, 15 young (15360K), 1 survivors (1024K)
 Metaspace       used 24864K, committed 25088K, reserved 1114112K
  class space    used 3029K, committed 3136K, reserved 1048576K

Heap Regions: E=young(eden), S=young(survivor), O=old, HS=humongous(starts), HC=humongous(continues), CS=collection set, F=free, OA=open archive, CA=closed archive, TAMS=top-at-mark-start (previous, next)
|   0|0x00000000c0600000, 0x00000000c0700000, 0x00000000c0700000|100%|HS|  |TAMS 0x00000000c0700000, 0x00000000c0600000| Complete 
|   1|0x00000000c0700000, 0x00000000c0800000, 0x00000000c0800000|100%|HS|  |TAMS 0x00000000c0800000, 0x00000000c0700000| Complete 
|   2|0x00000000c0800000, 0x00000000c0900000, 0x00000000c0900000|100%|HC|  |TAMS 0x00000000c0900000, 0x00000000c0800000| Complete 
|   3|0x00000000c0900000, 0x00000000c0a00000, 0x00000000c0a00000|100%|HC|  |TAMS 0x00000000c0a00000, 0x00000000c0900000| Complete 
|   4|0x00000000c0a00000, 0x00000000c0b00000, 0x00000000c0b00000|100%| O|  |TAMS 0x00000000c0b00000, 0x00000000c0a00000| Untracked 
|   5|0x00000000c0b00000, 0x00000000c0c00000, 0x00000000c0c00000|100%| O|  |TAMS 0x00000000c0c00000, 0x00000000c0b00000| Untracked 
|   6|0x00000000c0c00000, 0x00000000c0d00000, 0x00000000c0d00000|100%| O|  |TAMS 0x00000000c0d00000, 0x00000000c0c00000| Untracked 
|   7|0x00000000c0d00000, 0x00000000c0e00000, 0x00000000c0e00000|100%| O|  |TAMS 0x00000000c0e00000, 0x00000000c0d00000| Untracked 
|   8|0x00000000c0e00000, 0x00000000c0f00000, 0x00000000c0f00000|100%| O|  |TAMS 0x00000000c0f00000, 0x00000000c0e00000| Untracked 
|   9|0x00000000c0f00000, 0x00000000c1000000, 0x00000000c1000000|100%| O|  |TAMS 0x00000000c1000000, 0x00000000c0f00000| Untracked 
|  10|0x00000000c1000000, 0x00000000c1100000, 0x00000000c1100000|100%| O|  |TAMS 0x00000000c1100000, 0x00000000c1000000| Untracked 
|  11|0x00000000c1100000, 0x00000000c1200000, 0x00000000c1200000|100%| O|  |TAMS 0x00000000c1200000, 0x00000000c1100000| Untracked 
|  12|0x00000000c1200000, 0x00000000c1300000, 0x00000000c1300000|100%| O|  |TAMS 0x00000000c1300000, 0x00000000c1200000| Untracked 
|  13|0x00000000c1300000, 0x00000000c1400000, 0x00000000c1400000|100%| O|  |TAMS 0x00000000c1400000, 0x00000000c1300000| Untracked 
|  14|0x00000000c1400000, 0x00000000c1500000, 0x00000000c1500000|100%| O|  |TAMS 0x00000000c14c3400, 0x00000000c1400000| Untracked 
|  15|0x00000000c1500000, 0x00000000c1600000, 0x00000000c1600000|100%| O|  |TAMS 0x00000000c1500000, 0x00000000c1500000| Untracked 
|  16|0x00000000c1600000, 0x00000000c1700000, 0x00000000c1700000|100%| O|  |TAMS 0x00000000c1600000, 0x00000000c1600000| Untracked 
|  17|0x00000000c1700000, 0x00000000c1800000, 0x00000000c1800000|100%| O|  |TAMS 0x00000000c1700000, 0x00000000c1700000| Untracked 
|  18|0x00000000c1800000, 0x00000000c18d1400, 0x00000000c1900000| 81%| O|  |TAMS 0x00000000c1800000, 0x00000000c1800000| Untracked 
|  19|0x00000000c1900000, 0x00000000c1a00000, 0x00000000c1a00000|100%|HS|  |TAMS 0x00000000c1900000, 0x00000000c1900000| Complete 
|  20|0x00000000c1a00000, 0x00000000c1b00000, 0x00000000c1b00000|100%|HC|  |TAMS 0x00000000c1a00000, 0x00000000c1a00000| Complete 
|  21|0x00000000c1b00000, 0x00000000c1c00000, 0x00000000c1c00000|100%|HC|  |TAMS 0x00000000c1b00000, 0x00000000c1b00000| Complete 
|  22|0x00000000c1c00000, 0x00000000c1d00000, 0x00000000c1d00000|100%|HC|  |TAMS 0x00000000c1c00000, 0x00000000c1c00000| Complete 
|  23|0x00000000c1d00000, 0x00000000c1e00000, 0x00000000c1e00000|100%|HC|  |TAMS 0x00000000c1d00000, 0x00000000c1d00000| Complete 
|  24|0x00000000c1e00000, 0x00000000c1e00000, 0x00000000c1f00000|  0%| F|  |TAMS 0x00000000c1e00000, 0x00000000c1e00000| Untracked 
|  25|0x00000000c1f00000, 0x00000000c1f00000, 0x00000000c2000000|  0%| F|  |TAMS 0x00000000c1f00000, 0x00000000c1f00000| Untracked 
|  26|0x00000000c2000000, 0x00000000c2000000, 0x00000000c2100000|  0%| F|  |TAMS 0x00000000c2000000, 0x00000000c2000000| Untracked 
|  27|0x00000000c2100000, 0x00000000c2100000, 0x00000000c2200000|  0%| F|  |TAMS 0x00000000c2100000, 0x00000000c2100000| Untracked 
|  28|0x00000000c2200000, 0x00000000c2200000, 0x00000000c2300000|  0%| F|  |TAMS 0x00000000c2200000, 0x00000000c2200000| Untracked 
|  29|0x00000000c2300000, 0x00000000c2300000, 0x00000000c2400000|  0%| F|  |TAMS 0x00000000c2300000, 0x00000000c2300000| Untracked 
|  30|0x00000000c2400000, 0x00000000c2400000, 0x00000000c2500000|  0%| F|  |TAMS 0x00000000c2400000, 0x00000000c2400000| Untracked 
|  31|0x00000000c2500000, 0x00000000c2500000, 0x00000000c2600000|  0%| F|  |TAMS 0x00000000c2500000, 0x00000000c2500000| Untracked 
|  32|0x00000000c2600000, 0x00000000c2600000, 0x00000000c2700000|  0%| F|  |TAMS 0x00000000c2600000, 0x00000000c2600000| Untracked 
|  33|0x00000000c2700000, 0x00000000c2700000, 0x00000000c2800000|  0%| F|  |TAMS 0x00000000c2700000, 0x00000000c2700000| Untracked 
|  34|0x00000000c2800000, 0x00000000c2800000, 0x00000000c2900000|  0%| F|  |TAMS 0x00000000c2800000, 0x00000000c2800000| Untracked 
|  35|0x00000000c2900000, 0x00000000c2900000, 0x00000000c2a00000|  0%| F|  |TAMS 0x00000000c2900000, 0x00000000c2900000| Untracked 
|  36|0x00000000c2a00000, 0x00000000c2a00000, 0x00000000c2b00000|  0%| F|  |TAMS 0x00000000c2a00000, 0x00000000c2a00000| Untracked 
|  37|0x00000000c2b00000, 0x00000000c2b00000, 0x00000000c2c00000|  0%| F|  |TAMS 0x00000000c2b00000, 0x00000000c2b00000| Untracked 
|  38|0x00000000c2c00000, 0x00000000c2c00000, 0x00000000c2d00000|  0%| F|  |TAMS 0x00000000c2c00000, 0x00000000c2c00000| Untracked 
|  39|0x00000000c2d00000, 0x00000000c2d00000, 0x00000000c2e00000|  0%| F|  |TAMS 0x00000000c2d00000, 0x00000000c2d00000| Untracked 
|  40|0x00000000c2e00000, 0x00000000c2e00000, 0x00000000c2f00000|  0%| F|  |TAMS 0x00000000c2e00000, 0x00000000c2e00000| Untracked 
|  41|0x00000000c2f00000, 0x00000000c2f00000, 0x00000000c3000000|  0%| F|  |TAMS 0x00000000c2f00000, 0x00000000c2f00000| Untracked 
|  42|0x00000000c3000000, 0x00000000c3000000, 0x00000000c3100000|  0%| F|  |TAMS 0x00000000c3000000, 0x00000000c3000000| Untracked 
|  43|0x00000000c3100000, 0x00000000c3100000, 0x00000000c3200000|  0%| F|  |TAMS 0x00000000c3100000, 0x00000000c3100000| Untracked 
|  44|0x00000000c3200000, 0x00000000c3200000, 0x00000000c3300000|  0%| F|  |TAMS 0x00000000c3200000, 0x00000000c3200000| Untracked 
|  45|0x00000000c3300000, 0x00000000c3300000, 0x00000000c3400000|  0%| F|  |TAMS 0x00000000c3300000, 0x00000000c3300000| Untracked 
|  46|0x00000000c3400000, 0x00000000c3400000, 0x00000000c3500000|  0%| F|  |TAMS 0x00000000c3400000, 0x00000000c3400000| Untracked 
|  47|0x00000000c3500000, 0x00000000c3500000, 0x00000000c3600000|  0%| F|  |TAMS 0x00000000c3500000, 0x00000000c3500000| Untracked 
|  48|0x00000000c3600000, 0x00000000c3600000, 0x00000000c3700000|  0%| F|  |TAMS 0x00000000c3600000, 0x00000000c3600000| Untracked 
|  49|0x00000000c3700000, 0x00000000c377a9e8, 0x00000000c3800000| 47%| E|  |TAMS 0x00000000c3700000, 0x00000000c3700000| Complete 
|  50|0x00000000c3800000, 0x00000000c3900000, 0x00000000c3900000|100%| E|CS|TAMS 0x00000000c3800000, 0x00000000c3800000| Complete 
|  51|0x00000000c3900000, 0x00000000c3a00000, 0x00000000c3a00000|100%| E|CS|TAMS 0x00000000c3900000, 0x00000000c3900000| Complete 
|  52|0x00000000c3a00000, 0x00000000c3b00000, 0x00000000c3b00000|100%| E|CS|TAMS 0x00000000c3a00000, 0x00000000c3a00000| Complete 
|  53|0x00000000c3b00000, 0x00000000c3c00000, 0x00000000c3c00000|100%| E|CS|TAMS 0x00000000c3b00000, 0x00000000c3b00000| Complete 
|  54|0x00000000c3c00000, 0x00000000c3d00000, 0x00000000c3d00000|100%| E|CS|TAMS 0x00000000c3c00000, 0x00000000c3c00000| Complete 
|  55|0x00000000c3d00000, 0x00000000c3e00000, 0x00000000c3e00000|100%| E|CS|TAMS 0x00000000c3d00000, 0x00000000c3d00000| Complete 
|  56|0x00000000c3e00000, 0x00000000c3f00000, 0x00000000c3f00000|100%| E|CS|TAMS 0x00000000c3e00000, 0x00000000c3e00000| Complete 
|  57|0x00000000c3f00000, 0x00000000c4000000, 0x00000000c4000000|100%| E|CS|TAMS 0x00000000c3f00000, 0x00000000c3f00000| Complete 
|  58|0x00000000c4000000, 0x00000000c4100000, 0x00000000c4100000|100%| E|CS|TAMS 0x00000000c4000000, 0x00000000c4000000| Complete 
|  59|0x00000000c4100000, 0x00000000c4200000, 0x00000000c4200000|100%| E|CS|TAMS 0x00000000c4100000, 0x00000000c4100000| Complete 
|  60|0x00000000c4200000, 0x00000000c4300000, 0x00000000c4300000|100%| E|CS|TAMS 0x00000000c4200000, 0x00000000c4200000| Complete 
|  61|0x00000000c4300000, 0x00000000c4400000, 0x00000000c4400000|100%| E|CS|TAMS 0x00000000c4300000, 0x00000000c4300000| Complete 
|  62|0x00000000c4400000, 0x00000000c44ac1a0, 0x00000000c4500000| 67%| S|CS|TAMS 0x00000000c4400000, 0x00000000c4400000| Complete 
|  63|0x00000000c4500000, 0x00000000c4600000, 0x00000000c4600000|100%| E|CS|TAMS 0x00000000c4500000, 0x00000000c4500000| Complete 

Card table byte_map: [0x0000019353600000,0x0000019353800000] _byte_map_base: 0x0000019352ffd000

Marking Bits (Prev, Next): (CMBitMap*) 0x000001933cb1a0d0, (CMBitMap*) 0x000001933cb1a090
 Prev Bits: [0x00000193549f0000, 0x00000193559d8000)
 Next Bits: [0x0000019353a00000, 0x00000193549e8000)

Polling page: 0x000001933c290000

Metaspace:

Usage:
  Non-class:     21.32 MB used.
      Class:      2.96 MB used.
       Both:     24.28 MB used.

Virtual space:
  Non-class space:       64.00 MB reserved,      21.44 MB ( 33%) committed,  1 nodes.
      Class space:        1.00 GB reserved,       3.06 MB ( <1%) committed,  1 nodes.
             Both:        1.06 GB reserved,      24.50 MB (  2%) committed. 

Chunk freelists:
   Non-Class:  2.05 MB
       Class:  832.00 KB
        Both:  2.86 MB

MaxMetaspaceSize: unlimited
CompressedClassSpaceSize: 1.00 GB
Initial GC threshold: 21.00 MB
Current GC threshold: 35.25 MB
CDS: on
MetaspaceReclaimPolicy: balanced
 - commit_granule_bytes: 65536.
 - commit_granule_words: 8192.
 - virtual_space_node_default_size: 8388608.
 - enlarge_chunks_in_place: 1.
 - new_chunks_are_fully_committed: 0.
 - uncommit_free_chunks: 1.
 - use_allocation_guard: 0.


Internal statistics:

num_allocs_failed_limit: 3.
num_arena_births: 332.
num_arena_deaths: 2.
num_vsnodes_births: 2.
num_vsnodes_deaths: 0.
num_space_committed: 392.
num_space_uncommitted: 0.
num_chunks_returned_to_freelist: 5.
num_chunks_taken_from_freelist: 1008.
num_chunk_merges: 3.
num_chunk_splits: 708.
num_chunks_enlarged: 564.
num_inconsistent_stats: 0.

CodeHeap 'non-profiled nmethods': size=120000Kb used=955Kb max_used=955Kb free=119044Kb
 bounds [0x000001934bed0000, 0x000001934c140000, 0x0000019353400000]
CodeHeap 'profiled nmethods': size=120000Kb used=4716Kb max_used=4716Kb free=115283Kb
 bounds [0x00000193449a0000, 0x0000019344e40000, 0x000001934bed0000]
CodeHeap 'non-nmethods': size=5760Kb used=1295Kb max_used=1316Kb free=4464Kb
 bounds [0x0000019344400000, 0x0000019344670000, 0x00000193449a0000]
 total_blobs=2999 nmethods=2398 adapters=513
 compilation: enabled
              stopped_count=0, restarted_count=0
 full_count=0

Compilation events (20 events):
Event: 17.747 Thread 0x0000019357ea52d0 nmethod 2389 0x0000019344e30f90 code [0x0000019344e31200, 0x0000019344e31c98]
Event: 17.748 Thread 0x0000019357ea52d0 2391   !   3       java.lang.invoke.MethodHandles$Lookup$ClassFile::newInstance (370 bytes)
Event: 17.748 Thread 0x000001933cb8b2a0 nmethod 2390 0x000001934bfbe310 code [0x000001934bfbe480, 0x000001934bfbe558]
Event: 17.751 Thread 0x0000019357ea52d0 nmethod 2391 0x0000019344e32010 code [0x0000019344e326e0, 0x0000019344e35538]
Event: 17.751 Thread 0x0000019357ea52d0 2392       3       java.lang.invoke.MethodHandles$Lookup$ClassFile::readInt (65 bytes)
Event: 17.751 Thread 0x0000019357ea52d0 nmethod 2392 0x0000019344e36b90 code [0x0000019344e36d40, 0x0000019344e36fa8]
Event: 17.751 Thread 0x0000019357ea52d0 2393       3       jdk.internal.misc.VM::isSupportedClassFileVersion (39 bytes)
Event: 17.751 Thread 0x0000019357ea52d0 nmethod 2393 0x0000019344e37110 code [0x0000019344e372c0, 0x0000019344e37558]
Event: 17.751 Thread 0x0000019357ea52d0 2394       3       jdk.internal.org.objectweb.asm.ClassReader::<init> (9 bytes)
Event: 17.751 Thread 0x0000019357ea52d0 nmethod 2394 0x0000019344e37610 code [0x0000019344e377c0, 0x0000019344e37968]
Event: 17.751 Thread 0x0000019357ea52d0 2395       3       jdk.internal.org.objectweb.asm.ClassReader::<init> (8 bytes)
Event: 17.751 Thread 0x0000019357ea52d0 nmethod 2395 0x0000019344e37a90 code [0x0000019344e37c20, 0x0000019344e37d68]
Event: 17.751 Thread 0x0000019357ea52d0 2396       3       jdk.internal.org.objectweb.asm.ClassReader::readShort (27 bytes)
Event: 17.751 Thread 0x0000019357ea52d0 nmethod 2396 0x0000019344e37e10 code [0x0000019344e37fa0, 0x0000019344e38118]
Event: 17.751 Thread 0x0000019357ea52d0 2397       3       jdk.internal.org.objectweb.asm.ClassReader::readConst (276 bytes)
Event: 17.753 Thread 0x000001933cb8b2a0 2399       4       java.util.LinkedHashMap::get (29 bytes)
Event: 17.753 Thread 0x0000019357ea52d0 nmethod 2397 0x0000019344e38210 code [0x0000019344e386a0, 0x0000019344e3a478]
Event: 17.753 Thread 0x0000019357ea52d0 2398       3       jdk.internal.org.objectweb.asm.ClassReader::readUTF8 (23 bytes)
Event: 17.753 Thread 0x0000019357ea52d0 nmethod 2398 0x0000019344e3ae90 code [0x0000019344e3b040, 0x0000019344e3b298]
Event: 17.757 Thread 0x000001933cb8b2a0 nmethod 2399 0x000001934bfbe690 code [0x000001934bfbe820, 0x000001934bfbeaf8]

GC Heap History (12 events):
Event: 1.205 GC heap before
{Heap before GC invocations=0 (full 0):
 garbage-first heap   total 65536K, used 16384K [0x00000000c0600000, 0x0000000100000000)
  region size 1024K, 13 young (13312K), 0 survivors (0K)
 Metaspace       used 1160K, committed 1280K, reserved 1114112K
  class space    used 82K, committed 128K, reserved 1048576K
}
Event: 1.215 GC heap after
{Heap after GC invocations=1 (full 0):
 garbage-first heap   total 65536K, used 12520K [0x00000000c0600000, 0x0000000100000000)
  region size 1024K, 2 young (2048K), 2 survivors (2048K)
 Metaspace       used 1160K, committed 1280K, reserved 1114112K
  class space    used 82K, committed 128K, reserved 1048576K
}
Event: 2.130 GC heap before
{Heap before GC invocations=1 (full 0):
 garbage-first heap   total 65536K, used 19688K [0x00000000c0600000, 0x0000000100000000)
  region size 1024K, 9 young (9216K), 2 survivors (2048K)
 Metaspace       used 4653K, committed 4800K, reserved 1114112K
  class space    used 464K, committed 512K, reserved 1048576K
}
Event: 2.137 GC heap after
{Heap after GC invocations=2 (full 0):
 garbage-first heap   total 65536K, used 14547K [0x00000000c0600000, 0x0000000100000000)
  region size 1024K, 2 young (2048K), 2 survivors (2048K)
 Metaspace       used 4653K, committed 4800K, reserved 1114112K
  class space    used 464K, committed 512K, reserved 1048576K
}
Event: 2.640 GC heap before
{Heap before GC invocations=2 (full 0):
 garbage-first heap   total 65536K, used 26835K [0x00000000c0600000, 0x0000000100000000)
  region size 1024K, 15 young (15360K), 2 survivors (2048K)
 Metaspace       used 7384K, committed 7552K, reserved 1114112K
  class space    used 718K, committed 768K, reserved 1048576K
}
Event: 2.647 GC heap after
{Heap after GC invocations=3 (full 0):
 garbage-first heap   total 65536K, used 15581K [0x00000000c0600000, 0x0000000100000000)
  region size 1024K, 1 young (1024K), 1 survivors (1024K)
 Metaspace       used 7384K, committed 7552K, reserved 1114112K
  class space    used 718K, committed 768K, reserved 1048576K
}
Event: 3.461 GC heap before
{Heap before GC invocations=3 (full 0):
 garbage-first heap   total 65536K, used 32989K [0x00000000c0600000, 0x0000000100000000)
  region size 1024K, 18 young (18432K), 1 survivors (1024K)
 Metaspace       used 11374K, committed 11648K, reserved 1114112K
  class space    used 1274K, committed 1408K, reserved 1048576K
}
Event: 3.468 GC heap after
{Heap after GC invocations=4 (full 0):
 garbage-first heap   total 65536K, used 16376K [0x00000000c0600000, 0x0000000100000000)
  region size 1024K, 2 young (2048K), 2 survivors (2048K)
 Metaspace       used 11374K, committed 11648K, reserved 1114112K
  class space    used 1274K, committed 1408K, reserved 1048576K
}
Event: 4.619 GC heap before
{Heap before GC invocations=4 (full 0):
 garbage-first heap   total 65536K, used 43000K [0x00000000c0600000, 0x0000000100000000)
  region size 1024K, 29 young (29696K), 2 survivors (2048K)
 Metaspace       used 20992K, committed 21376K, reserved 1114112K
  class space    used 2476K, committed 2688K, reserved 1048576K
}
Event: 4.628 GC heap after
{Heap after GC invocations=5 (full 0):
 garbage-first heap   total 65536K, used 19213K [0x00000000c0600000, 0x0000000100000000)
  region size 1024K, 4 young (4096K), 4 survivors (4096K)
 Metaspace       used 20992K, committed 21376K, reserved 1114112K
  class space    used 2476K, committed 2688K, reserved 1048576K
}
Event: 4.656 GC heap before
{Heap before GC invocations=5 (full 0):
 garbage-first heap   total 65536K, used 19213K [0x00000000c0600000, 0x0000000100000000)
  region size 1024K, 5 young (5120K), 4 survivors (4096K)
 Metaspace       used 21189K, committed 21504K, reserved 1114112K
  class space    used 2502K, committed 2688K, reserved 1048576K
}
Event: 4.665 GC heap after
{Heap after GC invocations=6 (full 0):
 garbage-first heap   total 65536K, used 19957K [0x00000000c0600000, 0x0000000100000000)
  region size 1024K, 1 young (1024K), 1 survivors (1024K)
 Metaspace       used 21189K, committed 21504K, reserved 1114112K
  class space    used 2502K, committed 2688K, reserved 1048576K
}

Deoptimization events (20 events):
Event: 12.800 Thread 0x000001933cad7e60 Uncommon trap: trap_request=0xffffff45 fr.pc=0x000001934bf366c0 relative=0x0000000000000dc0
Event: 12.800 Thread 0x000001933cad7e60 Uncommon trap: reason=unstable_if action=reinterpret pc=0x000001934bf366c0 method=java.util.concurrent.ConcurrentHashMap.putVal(Ljava/lang/Object;Ljava/lang/Object;Z)Ljava/lang/Object; @ 231 c2
Event: 12.800 Thread 0x000001933cad7e60 DEOPT PACKING pc=0x000001934bf366c0 sp=0x0000001c03ffd8a0
Event: 12.800 Thread 0x000001933cad7e60 DEOPT UNPACKING pc=0x00000193444523a3 sp=0x0000001c03ffd810 mode 2
Event: 12.824 Thread 0x000001933cad7e60 Uncommon trap: trap_request=0xffffffde fr.pc=0x000001934bf4deec relative=0x00000000000018cc
Event: 12.824 Thread 0x000001933cad7e60 Uncommon trap: reason=class_check action=maybe_recompile pc=0x000001934bf4deec method=java.util.HashMap.putVal(ILjava/lang/Object;Ljava/lang/Object;ZZ)Ljava/lang/Object; @ 203 c2
Event: 12.824 Thread 0x000001933cad7e60 DEOPT PACKING pc=0x000001934bf4deec sp=0x0000001c03ffd560
Event: 12.824 Thread 0x000001933cad7e60 DEOPT UNPACKING pc=0x00000193444523a3 sp=0x0000001c03ffd428 mode 2
Event: 12.825 Thread 0x000001933cad7e60 Uncommon trap: trap_request=0xffffffde fr.pc=0x000001934bf4deec relative=0x00000000000018cc
Event: 12.825 Thread 0x000001933cad7e60 Uncommon trap: reason=class_check action=maybe_recompile pc=0x000001934bf4deec method=java.util.HashMap.putVal(ILjava/lang/Object;Ljava/lang/Object;ZZ)Ljava/lang/Object; @ 203 c2
Event: 12.825 Thread 0x000001933cad7e60 DEOPT PACKING pc=0x000001934bf4deec sp=0x0000001c03ffd560
Event: 12.825 Thread 0x000001933cad7e60 DEOPT UNPACKING pc=0x00000193444523a3 sp=0x0000001c03ffd428 mode 2
Event: 12.826 Thread 0x000001933cad7e60 Uncommon trap: trap_request=0xffffffde fr.pc=0x000001934bf4deec relative=0x00000000000018cc
Event: 12.826 Thread 0x000001933cad7e60 Uncommon trap: reason=class_check action=maybe_recompile pc=0x000001934bf4deec method=java.util.HashMap.putVal(ILjava/lang/Object;Ljava/lang/Object;ZZ)Ljava/lang/Object; @ 203 c2
Event: 12.826 Thread 0x000001933cad7e60 DEOPT PACKING pc=0x000001934bf4deec sp=0x0000001c03ffd560
Event: 12.826 Thread 0x000001933cad7e60 DEOPT UNPACKING pc=0x00000193444523a3 sp=0x0000001c03ffd428 mode 2
Event: 12.827 Thread 0x000001933cad7e60 Uncommon trap: trap_request=0xffffffde fr.pc=0x000001934bf4deec relative=0x00000000000018cc
Event: 12.827 Thread 0x000001933cad7e60 Uncommon trap: reason=class_check action=maybe_recompile pc=0x000001934bf4deec method=java.util.HashMap.putVal(ILjava/lang/Object;Ljava/lang/Object;ZZ)Ljava/lang/Object; @ 203 c2
Event: 12.827 Thread 0x000001933cad7e60 DEOPT PACKING pc=0x000001934bf4deec sp=0x0000001c03ffd560
Event: 12.827 Thread 0x000001933cad7e60 DEOPT UNPACKING pc=0x00000193444523a3 sp=0x0000001c03ffd428 mode 2

Classes loaded (20 events):
Event: 12.886 Loading class java/util/stream/SortedOps$SizedRefSortingSink
Event: 12.887 Loading class java/util/stream/SortedOps$SizedRefSortingSink done
Event: 17.638 Loading class java/nio/file/FileAlreadyExistsException
Event: 17.640 Loading class java/nio/file/FileSystemException
Event: 17.642 Loading class java/nio/file/FileSystemException done
Event: 17.642 Loading class java/nio/file/FileAlreadyExistsException done
Event: 17.642 Loading class sun/nio/fs/WindowsPath$1
Event: 17.643 Loading class sun/nio/fs/WindowsPath$1 done
Event: 17.647 Loading class java/util/concurrent/atomic/AtomicReferenceArray
Event: 17.649 Loading class java/util/concurrent/atomic/AtomicReferenceArray done
Event: 17.702 Loading class org/w3c/dom/Node
Event: 17.703 Loading class org/w3c/dom/Node done
Event: 17.703 Loading class org/w3c/dom/Document
Event: 17.706 Loading class org/w3c/dom/Document done
Event: 17.731 Loading class java/lang/annotation/ElementType
Event: 17.733 Loading class java/lang/annotation/ElementType done
Event: 17.740 Loading class sun/reflect/annotation/AnnotationSupport
Event: 17.741 Loading class sun/reflect/annotation/AnnotationSupport done
Event: 17.741 Loading class java/lang/annotation/Repeatable
Event: 17.742 Loading class java/lang/annotation/Repeatable done

Classes unloaded (1 events):
Event: 4.677 Thread 0x000001933cb70b10 Unloading class 0x0000000800c04400 'java/lang/invoke/LambdaForm$DMH+0x0000000800c04400'

Classes redefined (0 events):
No events

Internal exceptions (20 events):
Event: 4.426 Thread 0x000001935d6d7430 Exception <a 'java/net/SocketException'{0x00000000c2e2acd0}: Socket is not connected: shutdown> (0x00000000c2e2acd0) 
thrown [s\open\src\hotspot\share\prims\jni.cpp, line 535]
Event: 4.426 Thread 0x000001935d6d7430 Exception <a 'java/net/ConnectException'{0x00000000c2e2b530}: Connection refused: no further information> (0x00000000c2e2b530) 
thrown [s\open\src\hotspot\share\prims\jni.cpp, line 535]
Event: 4.426 Thread 0x000001935d6d7430 Exception <a 'java/net/SocketException'{0x00000000c2e2b868}: Socket is not connected: shutdown> (0x00000000c2e2b868) 
thrown [s\open\src\hotspot\share\prims\jni.cpp, line 535]
Event: 4.440 Thread 0x000001933cad7e60 Exception <a 'java/lang/NoSuchMethodError'{0x00000000c2eeb538}: 'double java.lang.invoke.DirectMethodHandle$Holder.invokeVirtual(java.lang.Object, java.lang.Object)'> (0x00000000c2eeb538) 
thrown [s\open\src\hotspot\share\interpreter\linkResolver.cpp, line 759]
Event: 4.441 Thread 0x000001933cad7e60 Exception <a 'java/lang/NoSuchMethodError'{0x00000000c2ef1e30}: 'float java.lang.invoke.DirectMethodHandle$Holder.invokeVirtual(java.lang.Object, java.lang.Object)'> (0x00000000c2ef1e30) 
thrown [s\open\src\hotspot\share\interpreter\linkResolver.cpp, line 759]
Event: 4.443 Thread 0x000001933cad7e60 Exception <a 'java/lang/NoSuchMethodError'{0x00000000c2efb0b0}: 'long java.lang.invoke.DirectMethodHandle$Holder.invokeVirtual(java.lang.Object, java.lang.Object)'> (0x00000000c2efb0b0) 
thrown [s\open\src\hotspot\share\interpreter\linkResolver.cpp, line 759]
Event: 4.499 Thread 0x000001933cad7e60 Exception <a 'java/lang/NoSuchMethodError'{0x00000000c2c426a8}: 'void java.lang.invoke.DirectMethodHandle$Holder.invokeStatic(java.lang.Object, java.lang.Object, int)'> (0x00000000c2c426a8) 
thrown [s\open\src\hotspot\share\interpreter\linkResolver.cpp, line 759]
Event: 4.571 Thread 0x000001933cad7e60 Exception <a 'java/lang/NoSuchMethodError'{0x00000000c2a54108}: 'int java.lang.invoke.DirectMethodHandle$Holder.invokeSpecialIFC(java.lang.Object, java.lang.Object, java.lang.Object)'> (0x00000000c2a54108) 
thrown [s\open\src\hotspot\share\interpreter\linkResolver.cpp, line 759]
Event: 4.720 Thread 0x000001933cad7e60 Exception <a 'java/lang/NoSuchMethodError'{0x00000000c43447a8}: 'void java.lang.invoke.DirectMethodHandle$Holder.invokeSpecial(java.lang.Object, java.lang.Object, java.lang.Object, java.lang.Object, java.lang.Object, java.lang.Object)'> (0x00000000c43447a8) 
thrown [s\open\src\hotspot\share\interpreter\linkResolver.cpp, line 759]
Event: 12.741 Thread 0x000001933cad7e60 Exception <a 'java/lang/NoSuchMethodError'{0x00000000c3ddb088}: 'java.lang.Object java.lang.invoke.DirectMethodHandle$Holder.invokeSpecialIFC(java.lang.Object, java.lang.Object, java.lang.Object)'> (0x00000000c3ddb088) 
thrown [s\open\src\hotspot\share\interpreter\linkResolver.cpp, line 759]
Event: 12.770 Thread 0x000001933cad7e60 Exception <a 'java/lang/ClassNotFoundException'{0x00000000c3c32ac8}: sun/util/logging/resources/spi/loggingProvider> (0x00000000c3c32ac8) 
thrown [s\open\src\hotspot\share\classfile\systemDictionary.cpp, line 255]
Event: 17.634 Thread 0x000001933cad7e60 Exception <a 'java/lang/IncompatibleClassChangeError'{0x00000000c3af2280}: Found class java.lang.Object, but interface was expected> (0x00000000c3af2280) 
thrown [s\open\src\hotspot\share\interpreter\linkResolver.cpp, line 826]
Event: 17.635 Thread 0x000001933cad7e60 Exception <a 'java/lang/IncompatibleClassChangeError'{0x00000000c3af5d30}: Found class java.lang.Object, but interface was expected> (0x00000000c3af5d30) 
thrown [s\open\src\hotspot\share\interpreter\linkResolver.cpp, line 826]
Event: 17.635 Thread 0x000001933cad7e60 Exception <a 'java/lang/IncompatibleClassChangeError'{0x00000000c3af8fc0}: Found class java.lang.Object, but interface was expected> (0x00000000c3af8fc0) 
thrown [s\open\src\hotspot\share\interpreter\linkResolver.cpp, line 826]
Event: 17.636 Thread 0x000001933cad7e60 Exception <a 'java/lang/IncompatibleClassChangeError'{0x00000000c3afc280}: Found class java.lang.Object, but interface was expected> (0x00000000c3afc280) 
thrown [s\open\src\hotspot\share\interpreter\linkResolver.cpp, line 826]
Event: 17.637 Thread 0x000001933cad7e60 Exception <a 'java/lang/IncompatibleClassChangeError'{0x00000000c3aff628}: Found class java.lang.Object, but interface was expected> (0x00000000c3aff628) 
thrown [s\open\src\hotspot\share\interpreter\linkResolver.cpp, line 826]
Event: 17.637 Thread 0x000001933cad7e60 Exception <a 'java/lang/IncompatibleClassChangeError'{0x00000000c39030f8}: Found class java.lang.Object, but interface was expected> (0x00000000c39030f8) 
thrown [s\open\src\hotspot\share\interpreter\linkResolver.cpp, line 826]
Event: 17.638 Thread 0x000001933cad7e60 Exception <a 'java/lang/IncompatibleClassChangeError'{0x00000000c39063f0}: Found class java.lang.Object, but interface was expected> (0x00000000c39063f0) 
thrown [s\open\src\hotspot\share\interpreter\linkResolver.cpp, line 826]
Event: 17.638 Thread 0x000001933cad7e60 Exception <a 'sun/nio/fs/WindowsException'{0x00000000c3909768}> (0x00000000c3909768) 
thrown [s\open\src\hotspot\share\prims\jni.cpp, line 516]
Event: 17.715 Thread 0x000001933cad7e60 Exception <a 'java/lang/OutOfMemoryError'{0x00000000c38c1af0}> (0x00000000c38c1af0) 
thrown [s\open\src\hotspot\share\prims\jni.cpp, line 535]

VM Operations (20 events):
Event: 4.677 Executing VM operation: G1Concurrent
Event: 4.682 Executing VM operation: G1Concurrent done
Event: 4.690 Executing VM operation: G1Concurrent
Event: 4.691 Executing VM operation: G1Concurrent done
Event: 5.706 Executing VM operation: Cleanup
Event: 5.706 Executing VM operation: Cleanup done
Event: 7.723 Executing VM operation: Cleanup
Event: 7.723 Executing VM operation: Cleanup done
Event: 11.752 Executing VM operation: Cleanup
Event: 11.752 Executing VM operation: Cleanup done
Event: 12.766 Executing VM operation: Cleanup
Event: 12.768 Executing VM operation: Cleanup done
Event: 13.777 Executing VM operation: Cleanup
Event: 13.777 Executing VM operation: Cleanup done
Event: 17.642 Executing VM operation: HandshakeAllThreads
Event: 17.642 Executing VM operation: HandshakeAllThreads done
Event: 17.642 Executing VM operation: Cleanup
Event: 17.642 Executing VM operation: Cleanup done
Event: 17.668 Executing VM operation: HandshakeAllThreads
Event: 17.668 Executing VM operation: HandshakeAllThreads done

Events (20 events):
Event: 0.493 Loaded shared library C:\Users\Ashwini\.jdks\openjdk-18.0.2.1\bin\nio.dll
Event: 0.499 Loaded shared library C:\Users\Ashwini\.jdks\openjdk-18.0.2.1\bin\zip.dll
Event: 0.548 Loaded shared library C:\Program Files\JetBrains\IntelliJ IDEA Community Edition 2021.3\bin\breakgen64.dll
Event: 0.549 Thread 0x000001935c2994c0 Thread added: 0x000001935c2994c0
Event: 0.549 Thread 0x000001935c299980 Thread added: 0x000001935c299980
Event: 1.015 Loaded shared library C:\Users\Ashwini\.jdks\openjdk-18.0.2.1\bin\verify.dll
Event: 1.026 Loaded shared library C:\Users\Ashwini\.jdks\openjdk-18.0.2.1\bin\jimage.dll
Event: 3.442 Thread 0x000001935d60c100 Thread added: 0x000001935d60c100
Event: 3.645 Loaded shared library C:\Users\Ashwini\.jdks\openjdk-18.0.2.1\bin\management.dll
Event: 3.649 Loaded shared library C:\Users\Ashwini\.jdks\openjdk-18.0.2.1\bin\management_ext.dll
Event: 3.678 Thread 0x000001935d576050 Thread added: 0x000001935d576050
Event: 3.752 Loaded shared library C:\Users\Ashwini\.jdks\openjdk-18.0.2.1\bin\sunmscapi.dll
Event: 4.359 Thread 0x000001935d6fc050 Thread added: 0x000001935d6fc050
Event: 4.365 Thread 0x000001935d6d7430 Thread added: 0x000001935d6d7430
Event: 4.366 Thread 0x000001935d6d1f00 Thread added: 0x000001935d6d1f00
Event: 4.383 Thread 0x000001935d8042c0 Thread added: 0x000001935d8042c0
Event: 4.383 Thread 0x000001935d805600 Thread added: 0x000001935d805600
Event: 4.587 Thread 0x000001935d804790 Thread added: 0x000001935d804790
Event: 4.840 Thread 0x000001935d804c60 Thread added: 0x000001935d804c60
Event: 12.854 Thread 0x000001935d805ad0 Thread added: 0x000001935d805ad0


Dynamic libraries:
0x00007ff670540000 - 0x00007ff67054e000 	C:\Users\Ashwini\.jdks\openjdk-18.0.2.1\bin\java.exe
0x00007ff91fd70000 - 0x00007ff91ff68000 	C:\Windows\SYSTEM32\ntdll.dll
0x00007ff91f230000 - 0x00007ff91f2ed000 	C:\Windows\System32\KERNEL32.DLL
0x00007ff91d780000 - 0x00007ff91da4e000 	C:\Windows\System32\KERNELBASE.dll
0x00007ff91d490000 - 0x00007ff91d590000 	C:\Windows\System32\ucrtbase.dll
0x00007ff918540000 - 0x00007ff91855a000 	C:\Users\Ashwini\.jdks\openjdk-18.0.2.1\bin\VCRUNTIME140.dll
0x00007ff917fb0000 - 0x00007ff917fc7000 	C:\Users\Ashwini\.jdks\openjdk-18.0.2.1\bin\jli.dll
0x00007ff91f640000 - 0x00007ff91f7e0000 	C:\Windows\System32\USER32.dll
0x00007ff91d640000 - 0x00007ff91d662000 	C:\Windows\System32\win32u.dll
0x00007ff91fcf0000 - 0x00007ff91fd1a000 	C:\Windows\System32\GDI32.dll
0x00007ff91d670000 - 0x00007ff91d77b000 	C:\Windows\System32\gdi32full.dll
0x00007ff91db40000 - 0x00007ff91dbdd000 	C:\Windows\System32\msvcp_win.dll
0x00007ff9081d0000 - 0x00007ff90846a000 	C:\Windows\WinSxS\amd64_microsoft.windows.common-controls_6595b64144ccf1df_6.0.19041.1110_none_60b5254171f9507e\COMCTL32.dll
0x00007ff91fb40000 - 0x00007ff91fbde000 	C:\Windows\System32\msvcrt.dll
0x00007ff91dfe0000 - 0x00007ff91e010000 	C:\Windows\System32\IMM32.DLL
0x00007ff918f90000 - 0x00007ff918f9c000 	C:\Users\Ashwini\.jdks\openjdk-18.0.2.1\bin\vcruntime140_1.dll
0x00007ff905bc0000 - 0x00007ff905c4d000 	C:\Users\Ashwini\.jdks\openjdk-18.0.2.1\bin\msvcp140.dll
0x00007ff8cbaa0000 - 0x00007ff8cc6b1000 	C:\Users\Ashwini\.jdks\openjdk-18.0.2.1\bin\server\jvm.dll
0x00007ff91ee90000 - 0x00007ff91ef3e000 	C:\Windows\System32\ADVAPI32.dll
0x00007ff91f0e0000 - 0x00007ff91f17c000 	C:\Windows\System32\sechost.dll
0x00007ff91f3a0000 - 0x00007ff91f4c5000 	C:\Windows\System32\RPCRT4.dll
0x00007ff91fce0000 - 0x00007ff91fce8000 	C:\Windows\System32\PSAPI.DLL
0x00007ff906fd0000 - 0x00007ff906fd9000 	C:\Windows\SYSTEM32\WSOCK32.dll
0x00007ff91ef40000 - 0x00007ff91efab000 	C:\Windows\System32\WS2_32.dll
0x00007ff906f50000 - 0x00007ff906f77000 	C:\Windows\SYSTEM32\WINMM.dll
0x00007ff916b80000 - 0x00007ff916b8a000 	C:\Windows\SYSTEM32\VERSION.dll
0x00007ff91b3a0000 - 0x00007ff91b3b2000 	C:\Windows\SYSTEM32\kernel.appcore.dll
0x00007ff917fa0000 - 0x00007ff917faa000 	C:\Users\Ashwini\.jdks\openjdk-18.0.2.1\bin\jimage.dll
0x00007ff915fa0000 - 0x00007ff916184000 	C:\Windows\SYSTEM32\DBGHELP.DLL
0x00007ff915e40000 - 0x00007ff915e6c000 	C:\Windows\SYSTEM32\dbgcore.DLL
0x00007ff91dbe0000 - 0x00007ff91dc62000 	C:\Windows\System32\bcryptPrimitives.dll
0x00007ff9152f0000 - 0x00007ff9152fe000 	C:\Users\Ashwini\.jdks\openjdk-18.0.2.1\bin\instrument.dll
0x00007ff905b90000 - 0x00007ff905bb5000 	C:\Users\Ashwini\.jdks\openjdk-18.0.2.1\bin\java.dll
0x00007ff8f4980000 - 0x00007ff8f4a56000 	C:\Users\Ashwini\.jdks\openjdk-18.0.2.1\bin\jsvml.dll
0x00007ff91e020000 - 0x00007ff91e763000 	C:\Windows\System32\SHELL32.dll
0x00007ff91b5a0000 - 0x00007ff91bd35000 	C:\Windows\SYSTEM32\windows.storage.dll
0x00007ff91f7e0000 - 0x00007ff91fb34000 	C:\Windows\System32\combase.dll
0x00007ff91ce20000 - 0x00007ff91ce50000 	C:\Windows\SYSTEM32\Wldp.dll
0x00007ff91f180000 - 0x00007ff91f22d000 	C:\Windows\System32\SHCORE.dll
0x00007ff91f5e0000 - 0x00007ff91f635000 	C:\Windows\System32\shlwapi.dll
0x00007ff91d3d0000 - 0x00007ff91d3ef000 	C:\Windows\SYSTEM32\profapi.dll
0x00007ff905ea0000 - 0x00007ff905eb8000 	C:\Users\Ashwini\.jdks\openjdk-18.0.2.1\bin\zip.dll
0x00007ff917f80000 - 0x00007ff917f93000 	C:\Users\Ashwini\.jdks\openjdk-18.0.2.1\bin\net.dll
0x00007ff913820000 - 0x00007ff91392a000 	C:\Windows\SYSTEM32\WINHTTP.dll
0x00007ff91cb80000 - 0x00007ff91cbea000 	C:\Windows\system32\mswsock.dll
0x00007ff908650000 - 0x00007ff908666000 	C:\Users\Ashwini\.jdks\openjdk-18.0.2.1\bin\nio.dll
0x00007ff905b70000 - 0x00007ff905b8a000 	C:\Program Files\JetBrains\IntelliJ IDEA Community Edition 2021.3\bin\breakgen64.dll
0x00007ff917730000 - 0x00007ff917740000 	C:\Users\Ashwini\.jdks\openjdk-18.0.2.1\bin\verify.dll
0x00007ff91cd70000 - 0x00007ff91cd88000 	C:\Windows\SYSTEM32\CRYPTSP.dll
0x00007ff91c500000 - 0x00007ff91c534000 	C:\Windows\system32\rsaenh.dll
0x00007ff91da50000 - 0x00007ff91da77000 	C:\Windows\System32\bcrypt.dll
0x00007ff91d390000 - 0x00007ff91d3be000 	C:\Windows\SYSTEM32\USERENV.dll
0x00007ff91cd90000 - 0x00007ff91cd9c000 	C:\Windows\SYSTEM32\CRYPTBASE.dll
0x00007ff91c870000 - 0x00007ff91c8ab000 	C:\Windows\SYSTEM32\IPHLPAPI.DLL
0x00007ff91e010000 - 0x00007ff91e018000 	C:\Windows\System32\NSI.dll
0x00007ff916ee0000 - 0x00007ff916ef7000 	C:\Windows\SYSTEM32\dhcpcsvc6.DLL
0x00007ff917ac0000 - 0x00007ff917add000 	C:\Windows\SYSTEM32\dhcpcsvc.DLL
0x00007ff91c8b0000 - 0x00007ff91c97a000 	C:\Windows\SYSTEM32\DNSAPI.dll
0x00007ff913520000 - 0x00007ff91352a000 	C:\Windows\System32\rasadhlp.dll
0x00007ff9137a0000 - 0x00007ff913820000 	C:\Windows\System32\fwpuclnt.dll
0x00007ff9147c0000 - 0x00007ff9147c9000 	C:\Users\Ashwini\.jdks\openjdk-18.0.2.1\bin\management.dll
0x00007ff912b60000 - 0x00007ff912b6b000 	C:\Users\Ashwini\.jdks\openjdk-18.0.2.1\bin\management_ext.dll
0x00007ff912b10000 - 0x00007ff912b1e000 	C:\Users\Ashwini\.jdks\openjdk-18.0.2.1\bin\sunmscapi.dll
0x00007ff91dc70000 - 0x00007ff91ddc6000 	C:\Windows\System32\CRYPT32.dll
0x00007ff91ce90000 - 0x00007ff91ceb7000 	C:\Windows\SYSTEM32\ncrypt.dll
0x00007ff91ce50000 - 0x00007ff91ce8b000 	C:\Windows\SYSTEM32\NTASN1.dll
0x00007ff905720000 - 0x00007ff905737000 	C:\Windows\system32\napinsp.dll
0x00007ff905700000 - 0x00007ff90571b000 	C:\Windows\system32\pnrpnsp.dll
0x00007ff9056e0000 - 0x00007ff9056f5000 	C:\Windows\system32\wshbth.dll
0x00007ff918230000 - 0x00007ff91824d000 	C:\Windows\system32\NLAapi.dll
0x00007ff9056c0000 - 0x00007ff9056d2000 	C:\Windows\System32\winrnr.dll

dbghelp: loaded successfully - version: 4.0.5 - missing functions: none
symbol engine: initialized successfully - sym options: 0x614 - pdb path: .;C:\Users\Ashwini\.jdks\openjdk-18.0.2.1\bin;C:\Windows\SYSTEM32;C:\Windows\WinSxS\amd64_microsoft.windows.common-controls_6595b64144ccf1df_6.0.19041.1110_none_60b5254171f9507e;C:\Users\Ashwini\.jdks\openjdk-18.0.2.1\bin\server;C:\Program Files\JetBrains\IntelliJ IDEA Community Edition 2021.3\bin

VM Arguments:
jvm_args: -ea -Didea.test.cyclic.buffer.size=1048576 -javaagent:C:\Program Files\JetBrains\IntelliJ IDEA Community Edition 2021.3\lib\idea_rt.jar=56031:C:\Program Files\JetBrains\IntelliJ IDEA Community Edition 2021.3\bin -Dfile.encoding=UTF-8 
java_command: com.intellij.rt.testng.RemoteTestNGStarter -usedefaultlisteners false -socket56030 @w@C:\Users\Ashwini\AppData\Local\Temp\idea_working_dirs_testng1.tmp -temp C:\Users\Ashwini\AppData\Local\Temp\idea_testng1.tmp
java_class_path (initial): C:\Program Files\JetBrains\IntelliJ IDEA Community Edition 2021.3\lib\idea_rt.jar;C:\Program Files\JetBrains\IntelliJ IDEA Community Edition 2021.3\plugins\testng\lib\testng-rt.jar;E:\FacebookPageObjectModel\target\test-classes;E:\FacebookPageObjectModel\target\classes;C:\Driver\selenium-api-4.4.0.jar;C:\Driver\selenium-chrome-driver-4.4.0.jar;C:\Driver\selenium-chromium-driver-4.4.0.jar;C:\Driver\selenium-devtools-v85-4.4.0.jar;C:\Driver\selenium-devtools-v102-4.4.0.jar;C:\Driver\selenium-devtools-v103-4.4.0.jar;C:\Driver\selenium-devtools-v104-4.4.0.jar;C:\Driver\selenium-edge-driver-4.4.0.jar;C:\Driver\selenium-firefox-driver-4.4.0.jar;C:\Driver\selenium-http-4.4.0.jar;C:\Driver\selenium-ie-driver-4.4.0.jar;C:\Driver\selenium-java-4.4.0.jar;C:\Driver\selenium-json-4.4.0.jar;C:\Driver\selenium-opera-driver-4.4.0.jar;C:\Driver\selenium-remote-driver-4.4.0.jar;C:\Driver\selenium-safari-driver-4.4.0.jar;C:\Driver\selenium-support-4.4.0.jar;C:\Driver\lib\async-http-client-2.12.3.jar;C:\Driver\lib\async-http-client-netty-utils-2.12.3.jar;C:\Driver\lib\auto-common-1.2.1.jar;C:\Driver\lib\auto-service-1.0.1.jar;C:\Driver\lib\auto-service-annotations-1.0.1.jar;C:\Driver\lib\byte-buddy-1.12.10.jar;C:\Driver\lib\checker-qual-3.12.0.jar;C:\Driver\lib\commons-exec-1.3.jar;C:\Driver\lib\error_prone_annotations-2.11.0.jar;C:\Driver\lib\failsafe-3.2.4.jar;C:\Driver\lib\failureaccess-1.0.1.jar;C:\Driver\lib\guava-31.1-jre.jar;C:\Driver\lib\j2objc-annotations-1.3.jar;C:\Driver\lib\jakarta.activation-1.2.2.jar;C:\Driver\lib\jcommander-1.82.jar;C:\Driver\lib\jsr305-3.0.2.jar;C:\Driver\lib\jtoml-2.0.0.jar;C:\Driver\lib\netty-buffer-4.1.78.Final.jar;C:\Driver\lib\netty-codec-4.1.78.Final.jar;C:\Driver\lib\netty-codec-http-4.1.78.Final.jar;C:\Driver\lib\netty-codec-socks-4.1.78.Final.jar;C:\Driver\lib\netty-common-4.1.78.Final.jar;C:\Driver\lib\netty-handler-4.1.78.Final.jar;C:\Driver\lib\netty-handler-proxy-4.1.78.Final.jar;C:\Driver\lib\netty-reactive-streams-2.0.4.jar;C:\Driver\lib\netty-resolver-4.1.78.Final.jar;C:\Driver\lib\netty-transport-4.1.78.Final.jar;C:\Driver\lib\netty-transport-classes-epoll-4.1.78.Final.jar;C:\Driver\lib\netty-transport-classes-kqueue-4.1.78.Final.jar;C:\Driver\lib\netty-transport-native-unix-common-4.1.78.Final.jar;C:\Driver\lib\opentelemetry-api-1.16.0.jar;C:\Driver\lib\opentelemetry-context-1.16.0.jar;C:\Driver\lib\opentelemetry-exporter-logging-1.16.0.jar;C:\Driver\lib\opentelemetry-sdk-1.16.0.jar;C:\Driver\lib\opentelemetry-sdk-common-1.16.0.jar;C:\Driver\lib\opentelemetry-sdk-extension-autoconfigure-1.16.0-alpha.jar;C:\Driver\lib\opentelemetry-sdk-extension-autoconfigure-spi-1.16.0.jar;C:\Driver\lib\opentelemetry-sdk-logs-1.16.0-alpha.jar;C:\Driver\lib\opentelemetry-sdk-metrics-1.16.0.jar;C:\Driver\lib\opentelemetry-sdk-trace-1.16.0.jar;C:\Driver\lib\opentelemetry-semconv-1.16.0-alpha.jar;C:\Driver\lib\reactive-streams-1.0.4.jar;C:\Driver\lib\slf4j-api-1.7.36.jar;C:\Users\Ashwini\.m2\repository\org\seleniumhq\selenium\selenium-java\4.4.0\selenium-java-4.4.0.jar;C:\Users\Ashwini\.m2\repository\org\seleniumhq\selenium\selenium-api\4.4.0\selenium-api-4.4.0.jar;C:\Users\Ashwini\.m2\repository\org\seleniumhq\selenium\selenium-chrome-driver\4.4.0\selenium-chrome-driver-4.4.0.jar;C:\Users\Ashwini\.m2\repository\org\seleniumhq\selenium\selenium-chromium-driver\4.4.0\selenium-chromium-driver-4.4.0.jar;C:\Users\Ashwini\.m2\repository\org\seleniumhq\selenium\selenium-devtools-v102\4.4.0\selenium-devtools-v102-4.4.0.jar;C:\Users\Ashwini\.m2\repository\org\seleniumhq\selenium\selenium-devtools-v103\4.4.0\selenium-devtools-v103-4.4.0.jar;C:\Users\Ashwini\.m2\repository\org\seleniumhq\selenium\selenium-devtools-v104\4.4.0\selenium-devtools-v104-4.4.0.jar;C:\Users\Ashwini\.m2\repository\org\seleniumhq\selenium\selenium-devtools-v85\4.4.0\selenium-devtools-v85-4.4.0.jar;C:\Users\Ashwini\.m2\repository\org\seleniumhq\selenium\selenium-edge-driver\4.4.0\selenium-edge-driver-4.4.0.jar;C:\Users\Ashwini\.m2\repository\org\seleniumhq\selenium\selenium-firefox-driver\4.4.0\selenium-firefox-driver-4.4.0.jar;C:\Users\Ashwini\.m2\repository\org\seleniumhq\selenium\selenium-ie-driver\4.4.0\selenium-ie-driver-4.4.0.jar;C:\Users\Ashwini\.m2\repository\org\seleniumhq\selenium\selenium-opera-driver\4.4.0\selenium-opera-driver-4.4.0.jar;C:\Users\Ashwini\.m2\repository\org\seleniumhq\selenium\selenium-safari-driver\4.4.0\selenium-safari-driver-4.4.0.jar;C:\Users\Ashwini\.m2\repository\org\seleniumhq\selenium\selenium-support\4.4.0\selenium-support-4.4.0.jar;C:\Users\Ashwini\.m2\repository\org\testng\testng\7.6.1\testng-7.6.1.jar;C:\Users\Ashwini\.m2\repository\com\google\code\findbugs\jsr305\3.0.2\jsr305-3.0.2.jar;C:\Users\Ashwini\.m2\repository\org\slf4j\slf4j-api\1.7.36\slf4j-api-1.7.36.jar;C:\Users\Ashwini\.m2\repository\com\beust\jcommander\1.82\jcommander-1.82.jar;C:\Users\Ashwini\.m2\repository\org\webjars\jquery\3.6.0\jquery-3.6.0.jar;C:\Users\Ashwini\.m2\repository\org\apache\poi\poi\5.2.2\poi-5.2.2.jar;C:\Users\Ashwini\.m2\repository\commons-codec\commons-codec\1.15\commons-codec-1.15.jar;C:\Users\Ashwini\.m2\repository\org\apache\commons\commons-collections4\4.4\commons-collections4-4.4.jar;C:\Users\Ashwini\.m2\repository\org\apache\commons\commons-math3\3.6.1\commons-math3-3.6.1.jar;C:\Users\Ashwini\.m2\repository\com\zaxxer\SparseBitSet\1.2\SparseBitSet-1.2.jar;C:\Users\Ashwini\.m2\repository\org\apache\logging\log4j\log4j-api\2.17.2\log4j-api-2.17.2.jar;C:\Users\Ashwini\.m2\repository\org\apache\poi\poi-ooxml\5.2.2\poi-ooxml-5.2.2.jar;C:\Users\Ashwini\.m2\repository\org\apache\poi\poi-ooxml-lite\5.2.2\poi-ooxml-lite-5.2.2.jar;C:\Users\Ashwini\.m2\repository\org\apache\xmlbeans\xmlbeans\5.0.3\xmlbeans-5.0.3.jar;C:\Users\Ashwini\.m2\repository\org\apache\commons\commons-compress\1.21\commons-compress-1.21.jar;C:\Users\Ashwini\.m2\repository\com\github\virtuald\curvesapi\1.07\curvesapi-1.07.jar;C:\Users\Ashwini\.m2\repository\org\apache\poi\poi-ooxml-schemas\4.1.2\poi-ooxml-schemas-4.1.2.jar;C:\Users\Ashwini\.m2\repository\org\apache\poi\poi-scratchpad\5.2.2\poi-scratchpad-5.2.2.jar;C:\Users\Ashwini\.m2\repository\org\apache\poi\ooxml-schemas\1.4\ooxml-schemas-1.4.jar;C:\Users\Ashwini\.m2\repository\org\apache\poi\openxml4j\1.0-beta\openxml4j-1.0-beta.jar;C:\Users\Ashwini\.m2\repository\dom4j\dom4j\1.6.1\dom4j-1.6.1.jar;C:\Users\Ashwini\.m2\repository\xml-apis\xml-apis\1.0.b2\xml-apis-1.0.b2.jar;C:\Users\Ashwini\.m2\repository\log4j\log4j\1.2.8\log4j-1.2.8.jar;C:\Users\Ashwini\.m2\repository\commons-io\commons-io\2.11.0\commons-io-2.11.0.jar;C:\Users\Ashwini\.m2\repository\org\seleniumhq\selenium\selenium-remote-driver\4.4.0\selenium-remote-driver-4.4.0.jar;C:\Users\Ashwini\.m2\repository\com\google\auto\service\auto-service-annotations\1.0.1\auto-service-annotations-1.0.1.jar;C:\Users\Ashwini\.m2\repository\com\google\auto\service\auto-service\1.0.1\auto-service-1.0.1.jar;C:\Users\Ashwini\.m2\repository\com\google\auto\auto-common\1.2\auto-common-1.2.jar;C:\Users\Ashwini\.m2\repository\com\google\guava\guava\31.1-jre\guava-31.1-jre.jar;C:\Users\Ashwini\.m2\repository\com\google\guava\failureaccess\1.0.1\failureaccess-1.0.1.jar;C:\Users\Ashwini\.m2\repository\com\google\guava\listenablefuture\9999.0-empty-to-avoid-conflict-with-guava\listenablefuture-9999.0-empty-to-avoid-conflict-with-guava.jar;C:\Users\Ashwini\.m2\repository\org\checkerframework\checker-qual\3.12.0\checker-qual-3.12.0.jar;C:\Users\Ashwini\.m2\repository\com\google\errorprone\error_prone_annotations\2.11.0\error_prone_annotations-2.11.0.jar;C:\Users\Ashwini\.m2\repository\com\google\j2objc\j2objc-annotations\1.3\j2objc-annotations-1.3.jar;C:\Users\Ashwini\.m2\repository\io\netty\netty-buffer\4.1.78.Final\netty-buffer-4.1.78.Final.jar;C:\Users\Ashwini\.m2\repository\io\netty\netty-codec-http\4.1.78.Final\netty-codec-http-4.1.78.Final.jar;C:\Users\Ashwini\.m2\repository\io\netty\netty-codec\4.1.78.Final\netty-codec-4.1.78.Final.jar;C:\Users\Ashwini\.m2\repository\io\netty\netty-handler\4.1.78.Final\netty-handler-4.1.78.Final.jar;C:\Users\Ashwini\.m2\repository\io\netty\netty-common\4.1.78.Final\netty-common-4.1.78.Final.jar;C:\Users\Ashwini\.m2\repository\io\netty\netty-transport-classes-epoll\4.1.78.Final\netty-transport-classes-epoll-4.1.78.Final.jar;C:\Users\Ashwini\.m2\repository\io\netty\netty-transport-classes-kqueue\4.1.78.Final\netty-transport-classes-kqueue-4.1.78.Final.jar;C:\Users\Ashwini\.m2\repository\io\netty\netty-transport-native-epoll\4.1.78.Final\netty-transport-native-epoll-4.1.78.Final.jar;C:\Users\Ashwini\.m2\repository\io\netty\netty-transport-native-kqueue\4.1.78.Final\netty-transport-native-kqueue-4.1.78.Final.jar;C:\Users\Ashwini\.m2\repository\io\netty\netty-transport-native-unix-common\4.1.78.Final\netty-transport-native-unix-common-4.1.78.Final.jar;C:\Users\Ashwini\.m2\repository\io\netty\netty-transport\4.1.78.Final\netty-transport-4.1.78.Final.jar;C:\Users\Ashwini\.m2\repository\io\netty\netty-resolver\4.1.78.Final\netty-resolver-4.1.78.Final.jar;C:\Users\Ashwini\.m2\repository\io\opentelemetry\opentelemetry-api\1.16.0\opentelemetry-api-1.16.0.jar;C:\Users\Ashwini\.m2\repository\io\opentelemetry\opentelemetry-context\1.16.0\opentelemetry-context-1.16.0.jar;C:\Users\Ashwini\.m2\repository\io\opentelemetry\opentelemetry-exporter-logging\1.16.0\opentelemetry-exporter-logging-1.16.0.jar;C:\Users\Ashwini\.m2\repository\io\opentelemetry\opentelemetry-sdk-metrics\1.16.0\opentelemetry-sdk-metrics-1.16.0.jar;C:\Users\Ashwini\.m2\repository\io\opentelemetry\opentelemetry-sdk-logs\1.16.0-alpha\opentelemetry-sdk-logs-1.16.0-alpha.jar;C:\Users\Ashwini\.m2\repository\io\opentelemetry\opentelemetry-sdk-common\1.16.0\opentelemetry-sdk-common-1.16.0.jar;C:\Users\Ashwini\.m2\repository\io\opentelemetry\opentelemetry-sdk-extension-autoconfigure-spi\1.16.0\opentelemetry-sdk-extension-autoconfigure-spi-1.16.0.jar;C:\Users\Ashwini\.m2\repository\io\opentelemetry\opentelemetry-sdk-extension-autoconfigure\1.16.0-alpha\opentelemetry-sdk-extension-autoconfigure-1.16.0-alpha.jar;C:\Users\Ashwini\.m2\repository\io\opentelemetry\opentelemetry-sdk-trace\1.16.0\opentelemetry-sdk-trace-1.16.0.jar;C:\Users\Ashwini\.m2\repository\io\opentelemetry\opentelemetry-sdk\1.16.0\opentelemetry-sdk-1.16.0.jar;C:\Users\Ashwini\.m2\repository\io\opentelemetry\opentelemetry-semconv\1.16.0-alpha\opentelemetry-semconv-1.16.0-alpha.jar;C:\Users\Ashwini\.m2\repository\io\ous\jtoml\2.0.0\jtoml-2.0.0.jar;C:\Users\Ashwini\.m2\repository\net\bytebuddy\byte-buddy\1.12.10\byte-buddy-1.12.10.jar;C:\Users\Ashwini\.m2\repository\org\apache\commons\commons-exec\1.3\commons-exec-1.3.jar;C:\Users\Ashwini\.m2\repository\org\asynchttpclient\async-http-client\2.12.3\async-http-client-2.12.3.jar;C:\Users\Ashwini\.m2\repository\org\asynchttpclient\async-http-client-netty-utils\2.12.3\async-http-client-netty-utils-2.12.3.jar;C:\Users\Ashwini\.m2\repository\io\netty\netty-codec-socks\4.1.60.Final\netty-codec-socks-4.1.60.Final.jar;C:\Users\Ashwini\.m2\repository\io\netty\netty-handler-proxy\4.1.60.Final\netty-handler-proxy-4.1.60.Final.jar;C:\Users\Ashwini\.m2\repository\io\netty\netty-transport-native-epoll\4.1.60.Final\netty-transport-native-epoll-4.1.60.Final-linux-x86_64.jar;C:\Users\Ashwini\.m2\repository\io\netty\netty-transport-native-kqueue\4.1.60.Final\netty-transport-native-kqueue-4.1.60.Final-osx-x86_64.jar;C:\Users\Ashwini\.m2\repository\org\reactivestreams\reactive-streams\1.0.3\reactive-streams-1.0.3.jar;C:\Users\Ashwini\.m2\repository\com\typesafe\netty\netty-reactive-streams\2.0.4\netty-reactive-streams-2.0.4.jar;C:\Users\Ashwini\.m2\repository\com\sun\activation\jakarta.activation\1.2.2\jakarta.activation-1.2.2.jar;C:\Users\Ashwini\.m2\repository\org\seleniumhq\selenium\selenium-http\4.4.0\selenium-http-4.4.0.jar;C:\Users\Ashwini\.m2\repository\dev\failsafe\failsafe\3.2.4\failsafe-3.2.4.jar;C:\Users\Ashwini\.m2\repository\org\seleniumhq\selenium\selenium-json\4.4.0\selenium-json-4.4.0.jar;C:\Users\Ashwini\.m2\repository\io\github\bonigarcia\webdrivermanager\5.3.0\webdrivermanager-5.3.0.jar;C:\Users\Ashwini\.m2\repository\com\google\code\gson\gson\2.9.1\gson-2.9.1.jar;C:\Users\Ashwini\.m2\repository\com\github\docker-java\docker-java\3.2.13\docker-java-3.2.13.jar;C:\Users\Ashwini\.m2\repository\com\github\docker-java\docker-java-core\3.2.13\docker-java-core-3.2.13.jar;C:\Users\Ashwini\.m2\repository\com\github\docker-java\docker-java-api\3.2.13\docker-java-api-3.2.13.jar;C:\Users\Ashwini\.m2\repository\com\fasterxml\jackson\core\jackson-annotations\2.10.3\jackson-annotations-2.10.3.jar;C:\Users\Ashwini\.m2\repository\com\fasterxml\jackson\core\jackson-databind\2.10.3\jackson-databind-2.10.3.jar;C:\Users\Ashwini\.m2\repository\com\fasterxml\jackson\core\jackson-core\2.10.3\jackson-core-2.10.3.jar;C:\Users\Ashwini\.m2\repository\org\bouncycastle\bcpkix-jdk15on\1.64\bcpkix-jdk15on-1.64.jar;C:\Users\Ashwini\.m2\repository\org\bouncycastle\bcprov-jdk15on\1.64\bcprov-jdk15on-1.64.jar;C:\Users\Ashwini\.m2\repository\org\slf4j\jcl-over-slf4j\1.7.30\jcl-over-slf4j-1.7.30.jar;C:\Users\Ashwini\.m2\repository\com\github\docker-java\docker-java-transport-httpclient5\3.2.13\docker-java-transport-httpclient5-3.2.13.jar;C:\Users\Ashwini\.m2\repository\com\github\docker-java\docker-java-transport\3.2.13\docker-java-transport-3.2.13.jar;C:\Users\Ashwini\.m2\repository\net\java\dev\jna\jna\5.8.0\jna-5.8.0.jar;C:\Users\Ashwini\.m2\repository\org\brotli\dec\0.1.2\dec-0.1.2.jar;C:\Users\Ashwini\.m2\repository\org\apache\commons\commons-lang3\3.12.0\commons-lang3-3.12.0.jar;C:\Users\Ashwini\.m2\repository\org\apache\httpcomponents\client5\httpclient5\5.1.3\httpclient5-5.1.3.jar;C:\Users\Ashwini\.m2\repository\org\apache\httpcomponents\core5\httpcore5\5.1.3\httpcore5-5.1.3.jar;C:\Users\Ashwini\.m2\repository\org\apache\httpcomponents\core5\httpcore5-h2\5.1.3\httpcore5-h2-5.1.3.jar;C:\Users\Ashwini\.m2\repository\com\relevantcodes\extentreports\2.41.2\extentreports-2.41.2.jar;C:\Users\Ashwini\.m2\repository\org\jsoup\jsoup\1.8.3\jsoup-1.8.3.jar;C:\Users\Ashwini\.m2\repository\org\xerial\sqlite-jdbc\3.8.11.1\sqlite-jdbc-3.8.11.1.jar;C:\Users\Ashwini\.m2\repository\org\freemarker\freemarker\2.3.23\freemarker-2.3.23.jar;C:\Users\Ashwini\.m2\repository\org\mongodb\mongodb-driver\3.0.4\mongodb-driver-3.0.4.jar;C:\Users\Ashwini\.m2\repository\org\mongodb\bson\3.0.4\bson-3.0.4.jar;C:\Users\Ashwini\.m2\repository\org\mongodb\mongodb-driver-core\3.0.4\mongodb-driver-core-3.0.4.jar;C:\Users\Ashwini\.m2\repository\com\aventstack\extentreports\5.0.9\extentreports-5.0.9.jar;C:\Users\Ashwini\.m2\repository\io\reactivex\rxjava3\rxjava\3.0.4\rxjava-3.0.4.jar;C:\Users\Ashwini\.m2\repository\org\projectlombok\lombok\1.18.12\lombok-1.18.12.jar;C:\Users\Ashwini\.m2\repository\io\qameta\allure\allure-testng\2.19.0\allure-testng-2.19.0.jar;C:\Users\Ashwini\.m2\repository\io\qameta\allure\allure-java-commons\2.19.0\allure-java-commons-2.19.0.jar;C:\Users\Ashwini\.m2\repository\io\qameta\allure\allure-model\2.19.0\allure-model-2.19.0.jar;C:\Users\Ashwini\.m2\repository\io\qameta\allure\allure-test-filter\2.19.0\allure-test-filter-2.19.0.jar;C:\Users\Ashwini\.m2\repository\org\apache\logging\log4j\log4j-to-slf4j\2.8.2\log4j-to-slf4j-2.8.2.jar
Launcher Type: SUN_STANDARD

[Global flags]
     intx CICompilerCount                          = 3                                         {product} {ergonomic}
     uint ConcGCThreads                            = 1                                         {product} {ergonomic}
     uint G1ConcRefinementThreads                  = 4                                         {product} {ergonomic}
   size_t G1HeapRegionSize                         = 1048576                                   {product} {ergonomic}
    uintx GCDrainStackTargetSize                   = 64                                        {product} {ergonomic}
   size_t InitialHeapSize                          = 67108864                                  {product} {ergonomic}
   size_t MarkStackSize                            = 4194304                                   {product} {ergonomic}
   size_t MaxHeapSize                              = 1067450368                                {product} {ergonomic}
   size_t MaxNewSize                               = 639631360                                 {product} {ergonomic}
   size_t MinHeapDeltaBytes                        = 1048576                                   {product} {ergonomic}
   size_t MinHeapSize                              = 8388608                                   {product} {ergonomic}
    uintx NonNMethodCodeHeapSize                   = 5832780                                {pd product} {ergonomic}
    uintx NonProfiledCodeHeapSize                  = 122912730                              {pd product} {ergonomic}
    uintx ProfiledCodeHeapSize                     = 122912730                              {pd product} {ergonomic}
    uintx ReservedCodeCacheSize                    = 251658240                              {pd product} {ergonomic}
     bool SegmentedCodeCache                       = true                                      {product} {ergonomic}
   size_t SoftMaxHeapSize                          = 1067450368                             {manageable} {ergonomic}
     bool UseCompressedClassPointers               = true                           {product lp64_product} {ergonomic}
     bool UseCompressedOops                        = true                           {product lp64_product} {ergonomic}
     bool UseG1GC                                  = true                                      {product} {ergonomic}
     bool UseLargePagesIndividualAllocation        = false                                  {pd product} {ergonomic}

Logging:
Log output configuration:
 #0: stdout all=warning uptime,level,tags foldmultilines=false
 #1: stderr all=off uptime,level,tags foldmultilines=false

Environment Variables:
JAVA_HOME=C:\Program Files\Java\jdk1.8.0_201
PATH=C:\Program Files\Common Files\Oracle\Java\javapath;C:\Program Files (x86)\Common Files\Oracle\Java\javapath;C:\Windows\system32;C:\Windows;C:\Windows\System32\Wbem;C:\Windows\System32\WindowsPowerShell\v1.0\;C:\Windows\System32\OpenSSH\;C:\Program Files\Git\cmd;C:\Program Files\nodejs\;C:\ProgramData\chocolatey\bin;C:\Program Files\MySQL\MySQL Server 8.0\bin;F:\Software\Maven\apache-maven-3.8.6\bin;C:\Program Files\Java\jdk1.8.0_201\bin;F:\Software\Allure\allure-2.19.0\bin;C:\Program Files\MySQL\MySQL Shell 8.0\bin\;C:\Program Files\Java\jdk1.8.0_201\bin;C:\Users\Ashwini\AppData\Local\Programs\Microsoft VS Code\bin;C:\Users\Ashwini\AppData\Roaming\npm
USERNAME=Ashwini
OS=Windows_NT
PROCESSOR_IDENTIFIER=Intel64 Family 6 Model 42 Stepping 7, GenuineIntel



---------------  S Y S T E M  ---------------

OS:
 Windows 10 , 64 bit Build 19041 (10.0.19041.1889)
OS uptime: 0 days 19:53 hours

CPU: total 4 (initial active 4) (2 cores per cpu, 2 threads per core) family 6 model 42 stepping 7 microcode 0x2f, cx8, cmov, fxsr, ht, mmx, sse, sse2, sse3, ssse3, sse4.1, sse4.2, popcnt, tsc, tscinvbit, avx, clmul, vzeroupper, clflush

Memory: 4k page, system-wide physical 4066M (241M free)
TotalPageFile size 16354M (AvailPageFile size 0M)
current process WorkingSet (physical memory assigned to process): 144M, peak: 148M
current process commit charge ("private bytes"): 190M, peak: 193M

vm_info: OpenJDK 64-Bit Server VM (18.0.2.1+1-1) for windows-amd64 JRE (18.0.2.1+1-1), built on Aug 16 2022 01:44:29 by "mach5one" with MS VC++ 16.8 / 16.9 (VS2019)

END.
